TpTrace Verbose: 0 : 14624, 1, 2022/07/03, 11:39:22.594, 1731548824743, vstest.console.dll, Version: 17.1.0-release-20220113-05
TpTrace Information: 0 : 14624, 1, 2022/07/03, 11:39:22.604, 1731548893024, vstest.console.dll, FilePatternParser: The given file C:\Users\Viliyan Ivanov\Documents\exercises-2021\Viliyan\FinalProject\AirportWebApplication\AirportWebApplication.Tests\bin\Debug\net5.0\fine-code-coverage\build-output\AirportWebApplication.Tests.dll is a full path.
TpTrace Verbose: 0 : 14624, 1, 2022/07/03, 11:39:22.607, 1731548925285, vstest.console.dll, TestPluginCache.DiscoverTestExtensions: finding test extensions in assemblies ends with: RuntimeProvider.dll TPluginInfo: Microsoft.VisualStudio.TestPlatform.Common.ExtensionFramework.Utilities.TestRuntimePluginInformation TExtension: Microsoft.VisualStudio.TestPlatform.ObjectModel.Host.ITestRuntimeProvider
TpTrace Verbose: 0 : 14624, 1, 2022/07/03, 11:39:22.608, 1731548929880, vstest.console.dll, TestPluginCache.GetExtensionPaths: Filtered extension paths: 
TpTrace Verbose: 0 : 14624, 1, 2022/07/03, 11:39:22.608, 1731548930804, vstest.console.dll, TestPluginCache.GetExtensionPaths: Added default extension paths: C:\Program Files\dotnet\sdk\6.0.203\Extensions\DumpMinitool.exe
C:\Program Files\dotnet\sdk\6.0.203\Extensions\DumpMinitool.x86.exe
C:\Program Files\dotnet\sdk\6.0.203\Extensions\Microsoft.Diagnostics.NETCore.Client.dll
C:\Program Files\dotnet\sdk\6.0.203\Extensions\Microsoft.TestPlatform.Extensions.BlameDataCollector.dll
C:\Program Files\dotnet\sdk\6.0.203\Extensions\Microsoft.TestPlatform.Extensions.EventLogCollector.dll
C:\Program Files\dotnet\sdk\6.0.203\Extensions\Microsoft.TestPlatform.TestHostRuntimeProvider.dll
C:\Program Files\dotnet\sdk\6.0.203\Extensions\Microsoft.VisualStudio.TestPlatform.Extensions.Html.TestLogger.dll
C:\Program Files\dotnet\sdk\6.0.203\Extensions\Microsoft.VisualStudio.TestPlatform.Extensions.Trx.TestLogger.dll
TpTrace Verbose: 0 : 14624, 1, 2022/07/03, 11:39:22.608, 1731548931214, vstest.console.dll, TestPluginCache.GetExtensionPaths: Added unfilterableExtensionPaths: 
TpTrace Information: 0 : 14624, 1, 2022/07/03, 11:39:22.608, 1731548937277, vstest.console.dll, AssemblyResolver.ctor: Creating AssemblyResolver with searchDirectories C:\Program Files\dotnet\sdk\6.0.203\Extensions,C:\Program Files\dotnet\sdk\6.0.203
TpTrace Verbose: 0 : 14624, 1, 2022/07/03, 11:39:22.609, 1731548944043, vstest.console.dll, TestPluginCache.DiscoverTestExtensions: Discovering the extensions using extension path.
TpTrace Verbose: 0 : 14624, 1, 2022/07/03, 11:39:22.609, 1731548944962, vstest.console.dll, TestPluginCache.GetExtensionPaths: Filtered extension paths: 
TpTrace Verbose: 0 : 14624, 1, 2022/07/03, 11:39:22.609, 1731548945420, vstest.console.dll, TestPluginCache.GetExtensionPaths: Added default extension paths: C:\Program Files\dotnet\sdk\6.0.203\Extensions\DumpMinitool.exe
C:\Program Files\dotnet\sdk\6.0.203\Extensions\DumpMinitool.x86.exe
C:\Program Files\dotnet\sdk\6.0.203\Extensions\Microsoft.Diagnostics.NETCore.Client.dll
C:\Program Files\dotnet\sdk\6.0.203\Extensions\Microsoft.TestPlatform.Extensions.BlameDataCollector.dll
C:\Program Files\dotnet\sdk\6.0.203\Extensions\Microsoft.TestPlatform.Extensions.EventLogCollector.dll
C:\Program Files\dotnet\sdk\6.0.203\Extensions\Microsoft.TestPlatform.TestHostRuntimeProvider.dll
C:\Program Files\dotnet\sdk\6.0.203\Extensions\Microsoft.VisualStudio.TestPlatform.Extensions.Html.TestLogger.dll
C:\Program Files\dotnet\sdk\6.0.203\Extensions\Microsoft.VisualStudio.TestPlatform.Extensions.Trx.TestLogger.dll
TpTrace Verbose: 0 : 14624, 1, 2022/07/03, 11:39:22.609, 1731548945733, vstest.console.dll, TestPluginCache.GetExtensionPaths: Added unfilterableExtensionPaths: 
TpTrace Verbose: 0 : 14624, 1, 2022/07/03, 11:39:22.609, 1731548946274, vstest.console.dll, TestPluginCache.DiscoverTestExtensions: Discovering the extensions using allExtensionPaths: C:\Program Files\dotnet\sdk\6.0.203\Extensions\DumpMinitool.exe
C:\Program Files\dotnet\sdk\6.0.203\Extensions\DumpMinitool.x86.exe
C:\Program Files\dotnet\sdk\6.0.203\Extensions\Microsoft.Diagnostics.NETCore.Client.dll
C:\Program Files\dotnet\sdk\6.0.203\Extensions\Microsoft.TestPlatform.Extensions.BlameDataCollector.dll
C:\Program Files\dotnet\sdk\6.0.203\Extensions\Microsoft.TestPlatform.Extensions.EventLogCollector.dll
C:\Program Files\dotnet\sdk\6.0.203\Extensions\Microsoft.TestPlatform.TestHostRuntimeProvider.dll
C:\Program Files\dotnet\sdk\6.0.203\Extensions\Microsoft.VisualStudio.TestPlatform.Extensions.Html.TestLogger.dll
C:\Program Files\dotnet\sdk\6.0.203\Extensions\Microsoft.VisualStudio.TestPlatform.Extensions.Trx.TestLogger.dll
TpTrace Information: 0 : 14624, 1, 2022/07/03, 11:39:22.610, 1731548947683, vstest.console.dll, AssemblyResolver.AddSearchDirectories: Adding more searchDirectories C:\Program Files\dotnet\sdk\6.0.203\Extensions,C:\Program Files\dotnet\sdk\6.0.203
TpTrace Information: 0 : 14624, 1, 2022/07/03, 11:39:22.610, 1731548948165, vstest.console.dll, AssemblyResolver.AddSearchDirectories: Adding more searchDirectories C:\Program Files\dotnet\sdk\6.0.203\Extensions,C:\Program Files\dotnet\sdk\6.0.203
TpTrace Information: 0 : 14624, 1, 2022/07/03, 11:39:22.610, 1731548948490, vstest.console.dll, AssemblyResolver.AddSearchDirectories: Adding more searchDirectories C:\Program Files\dotnet\sdk\6.0.203\Extensions,C:\Program Files\dotnet\sdk\6.0.203
TpTrace Information: 0 : 14624, 1, 2022/07/03, 11:39:22.610, 1731548948827, vstest.console.dll, AssemblyResolver.AddSearchDirectories: Adding more searchDirectories C:\Program Files\dotnet\sdk\6.0.203\Extensions,C:\Program Files\dotnet\sdk\6.0.203
TpTrace Information: 0 : 14624, 1, 2022/07/03, 11:39:22.610, 1731548949121, vstest.console.dll, AssemblyResolver.AddSearchDirectories: Adding more searchDirectories C:\Program Files\dotnet\sdk\6.0.203\Extensions,C:\Program Files\dotnet\sdk\6.0.203
TpTrace Information: 0 : 14624, 1, 2022/07/03, 11:39:22.610, 1731548949448, vstest.console.dll, AssemblyResolver.AddSearchDirectories: Adding more searchDirectories C:\Program Files\dotnet\sdk\6.0.203\Extensions,C:\Program Files\dotnet\sdk\6.0.203
TpTrace Information: 0 : 14624, 1, 2022/07/03, 11:39:22.610, 1731548949779, vstest.console.dll, AssemblyResolver.AddSearchDirectories: Adding more searchDirectories C:\Program Files\dotnet\sdk\6.0.203\Extensions,C:\Program Files\dotnet\sdk\6.0.203
TpTrace Information: 0 : 14624, 1, 2022/07/03, 11:39:22.610, 1731548950070, vstest.console.dll, AssemblyResolver.AddSearchDirectories: Adding more searchDirectories C:\Program Files\dotnet\sdk\6.0.203\Extensions,C:\Program Files\dotnet\sdk\6.0.203
TpTrace Information: 0 : 14624, 1, 2022/07/03, 11:39:22.610, 1731548952483, vstest.console.dll, AssemblyResolver.OnResolve: DumpMinitool: Resolving assembly.
TpTrace Information: 0 : 14624, 1, 2022/07/03, 11:39:22.610, 1731548953167, vstest.console.dll, AssemblyResolver.OnResolve: DumpMinitool: Searching in: 'C:\Program Files\dotnet\sdk\6.0.203\Extensions'.
TpTrace Information: 0 : 14624, 1, 2022/07/03, 11:39:22.610, 1731548954050, vstest.console.dll, AssemblyResolver.OnResolve: DumpMinitool: Assembly path does not exist: 'C:\Program Files\dotnet\sdk\6.0.203\Extensions\DumpMinitool.dll', returning.
TpTrace Information: 0 : 14624, 1, 2022/07/03, 11:39:22.610, 1731548956694, vstest.console.dll, AssemblyResolver.OnResolve: DumpMinitool: Loading assembly 'C:\Program Files\dotnet\sdk\6.0.203\Extensions\DumpMinitool.exe'.
TpTrace Information: 0 : 14624, 1, 2022/07/03, 11:39:22.611, 1731548959783, vstest.console.dll, AssemblyResolver.OnResolve: Resolved assembly: DumpMinitool, from path: C:\Program Files\dotnet\sdk\6.0.203\Extensions\DumpMinitool.exe
TpTrace Information: 0 : 14624, 1, 2022/07/03, 11:39:22.615, 1731548999529, vstest.console.dll, AssemblyResolver.OnResolve: DumpMinitool.x86: Resolving assembly.
TpTrace Information: 0 : 14624, 1, 2022/07/03, 11:39:22.615, 1731549000773, vstest.console.dll, AssemblyResolver.OnResolve: DumpMinitool.x86: Searching in: 'C:\Program Files\dotnet\sdk\6.0.203\Extensions'.
TpTrace Information: 0 : 14624, 1, 2022/07/03, 11:39:22.615, 1731549002018, vstest.console.dll, AssemblyResolver.OnResolve: DumpMinitool.x86: Assembly path does not exist: 'C:\Program Files\dotnet\sdk\6.0.203\Extensions\DumpMinitool.x86.dll', returning.
TpTrace Information: 0 : 14624, 1, 2022/07/03, 11:39:22.615, 1731549004381, vstest.console.dll, AssemblyResolver.OnResolve: DumpMinitool.x86: Loading assembly 'C:\Program Files\dotnet\sdk\6.0.203\Extensions\DumpMinitool.x86.exe'.
TpTrace Information: 0 : 14624, 1, 2022/07/03, 11:39:22.615, 1731549007176, vstest.console.dll, AssemblyResolver.OnResolve: Resolved assembly: DumpMinitool.x86, from path: C:\Program Files\dotnet\sdk\6.0.203\Extensions\DumpMinitool.x86.exe
TpTrace Information: 0 : 14624, 1, 2022/07/03, 11:39:22.616, 1731549009056, vstest.console.dll, AssemblyResolver.OnResolve: Microsoft.Diagnostics.NETCore.Client: Resolving assembly.
TpTrace Information: 0 : 14624, 1, 2022/07/03, 11:39:22.616, 1731549009506, vstest.console.dll, AssemblyResolver.OnResolve: Microsoft.Diagnostics.NETCore.Client: Searching in: 'C:\Program Files\dotnet\sdk\6.0.203\Extensions'.
TpTrace Information: 0 : 14624, 1, 2022/07/03, 11:39:22.616, 1731549011733, vstest.console.dll, AssemblyResolver.OnResolve: Microsoft.Diagnostics.NETCore.Client: Loading assembly 'C:\Program Files\dotnet\sdk\6.0.203\Extensions\Microsoft.Diagnostics.NETCore.Client.dll'.
TpTrace Information: 0 : 14624, 1, 2022/07/03, 11:39:22.616, 1731549015237, vstest.console.dll, AssemblyResolver.OnResolve: Resolved assembly: Microsoft.Diagnostics.NETCore.Client, from path: C:\Program Files\dotnet\sdk\6.0.203\Extensions\Microsoft.Diagnostics.NETCore.Client.dll
TpTrace Information: 0 : 14624, 1, 2022/07/03, 11:39:22.618, 1731549036261, vstest.console.dll, AssemblyResolver.OnResolve: Microsoft.Bcl.AsyncInterfaces: Resolving assembly.
TpTrace Information: 0 : 14624, 1, 2022/07/03, 11:39:22.618, 1731549037127, vstest.console.dll, AssemblyResolver.OnResolve: Microsoft.Bcl.AsyncInterfaces: Searching in: 'C:\Program Files\dotnet\sdk\6.0.203\Extensions'.
TpTrace Information: 0 : 14624, 1, 2022/07/03, 11:39:22.619, 1731549038226, vstest.console.dll, AssemblyResolver.OnResolve: Microsoft.Bcl.AsyncInterfaces: Assembly path does not exist: 'C:\Program Files\dotnet\sdk\6.0.203\Extensions\Microsoft.Bcl.AsyncInterfaces.dll', returning.
TpTrace Information: 0 : 14624, 1, 2022/07/03, 11:39:22.619, 1731549039339, vstest.console.dll, AssemblyResolver.OnResolve: Microsoft.Bcl.AsyncInterfaces: Assembly path does not exist: 'C:\Program Files\dotnet\sdk\6.0.203\Extensions\Microsoft.Bcl.AsyncInterfaces.exe', returning.
TpTrace Information: 0 : 14624, 1, 2022/07/03, 11:39:22.619, 1731549039872, vstest.console.dll, AssemblyResolver.OnResolve: Microsoft.Bcl.AsyncInterfaces: Searching in: 'C:\Program Files\dotnet\sdk\6.0.203'.
TpTrace Information: 0 : 14624, 1, 2022/07/03, 11:39:22.619, 1731549040816, vstest.console.dll, AssemblyResolver.OnResolve: Microsoft.Bcl.AsyncInterfaces: Assembly path does not exist: 'C:\Program Files\dotnet\sdk\6.0.203\Microsoft.Bcl.AsyncInterfaces.dll', returning.
TpTrace Information: 0 : 14624, 1, 2022/07/03, 11:39:22.619, 1731549041623, vstest.console.dll, AssemblyResolver.OnResolve: Microsoft.Bcl.AsyncInterfaces: Assembly path does not exist: 'C:\Program Files\dotnet\sdk\6.0.203\Microsoft.Bcl.AsyncInterfaces.exe', returning.
TpTrace Information: 0 : 14624, 1, 2022/07/03, 11:39:22.619, 1731549042057, vstest.console.dll, AssemblyResolver.OnResolve: Microsoft.Bcl.AsyncInterfaces: Failed to load assembly.
TpTrace Verbose: 0 : 14624, 1, 2022/07/03, 11:39:22.619, 1731549042573, vstest.console.dll, CurrentDomainAssemblyResolve: Resolving assembly 'Microsoft.Bcl.AsyncInterfaces'.
TpTrace Information: 0 : 14624, 1, 2022/07/03, 11:39:22.619, 1731549043343, vstest.console.dll, AssemblyResolver.OnResolve: Microsoft.Bcl.AsyncInterfaces: Resolving assembly.
TpTrace Information: 0 : 14624, 1, 2022/07/03, 11:39:22.619, 1731549043934, vstest.console.dll, AssemblyResolver.OnResolve: Microsoft.Bcl.AsyncInterfaces: Resolved from cache.
TpTrace Verbose: 0 : 14624, 1, 2022/07/03, 11:39:22.619, 1731549044406, vstest.console.dll, CurrentDomainAssemblyResolve: Resolving assembly 'Microsoft.Bcl.AsyncInterfaces'.
TpTrace Verbose: 0 : 14624, 1, 2022/07/03, 11:39:22.619, 1731549044988, vstest.console.dll, CurrentDomainAssemblyResolve: Failed to resolve assembly 'Microsoft.Bcl.AsyncInterfaces'.
TpTrace Verbose: 0 : 14624, 1, 2022/07/03, 11:39:22.620, 1731549051071, vstest.console.dll, CurrentDomainAssemblyResolve: Failed to resolve assembly 'Microsoft.Bcl.AsyncInterfaces'.
TpTrace Warning: 0 : 14624, 1, 2022/07/03, 11:39:22.632, 1731549167847, vstest.console.dll, TestPluginDiscoverer: Failed to get types from assembly 'Microsoft.Diagnostics.NETCore.Client, Version=0.2.5.801, Culture=neutral, PublicKeyToken=31bf3856ad364e35'.  Skipping test extension scan for this assembly.  Error: System.Reflection.ReflectionTypeLoadException: Unable to load one or more of the requested types.
Could not load file or assembly 'Microsoft.Bcl.AsyncInterfaces, Version=1.0.0.0, Culture=neutral, PublicKeyToken=cc7b13ffcd2ddd51'. The system cannot find the file specified.
   at System.Reflection.RuntimeModule.GetTypes(RuntimeModule module)
   at System.Reflection.Assembly.GetTypes()
   at Microsoft.VisualStudio.TestPlatform.Common.ExtensionFramework.TestPluginDiscoverer.GetTestExtensionsFromAssembly[TPluginInfo,TExtension](Assembly assembly, Dictionary`2 pluginInfos)
System.IO.FileNotFoundException: Could not load file or assembly 'Microsoft.Bcl.AsyncInterfaces, Version=1.0.0.0, Culture=neutral, PublicKeyToken=cc7b13ffcd2ddd51'. The system cannot find the file specified.
File name: 'Microsoft.Bcl.AsyncInterfaces, Version=1.0.0.0, Culture=neutral, PublicKeyToken=cc7b13ffcd2ddd51'
 ---> System.IO.FileNotFoundException: Could not load file or assembly 'Microsoft.Bcl.AsyncInterfaces, Culture=neutral, PublicKeyToken=null'. The system cannot find the file specified.
File name: 'Microsoft.Bcl.AsyncInterfaces, Culture=neutral, PublicKeyToken=null'
   at System.Reflection.RuntimeAssembly.InternalLoad(ObjectHandleOnStack assemblyName, ObjectHandleOnStack requestingAssembly, StackCrawlMarkHandle stackMark, Boolean throwOnFileNotFound, ObjectHandleOnStack assemblyLoadContext, ObjectHandleOnStack retAssembly)
   at System.Reflection.RuntimeAssembly.InternalLoad(AssemblyName assemblyName, RuntimeAssembly requestingAssembly, StackCrawlMark& stackMark, Boolean throwOnFileNotFound, AssemblyLoadContext assemblyLoadContext)
   at System.Reflection.Assembly.Load(AssemblyName assemblyRef)
   at Microsoft.VisualStudio.TestPlatform.Common.ExtensionFramework.TestPluginCache.CurrentDomainAssemblyResolve(Object sender, AssemblyResolveEventArgs args)
   at Microsoft.VisualStudio.TestPlatform.PlatformAbstractions.PlatformAssemblyResolver.AssemblyResolverEvent(Object sender, Object eventArgs)
   at System.Runtime.Loader.AssemblyLoadContext.GetFirstResolvedAssemblyFromResolvingEvent(AssemblyName assemblyName)
   at System.Runtime.Loader.AssemblyLoadContext.ResolveUsingEvent(AssemblyName assemblyName)
   at System.Runtime.Loader.AssemblyLoadContext.ResolveUsingResolvingEvent(IntPtr gchManagedAssemblyLoadContext, AssemblyName assemblyName)
TpTrace Warning: 0 : 14624, 1, 2022/07/03, 11:39:22.632, 1731549169591, vstest.console.dll, LoaderExceptions: System.IO.FileNotFoundException: Could not load file or assembly 'Microsoft.Bcl.AsyncInterfaces, Version=1.0.0.0, Culture=neutral, PublicKeyToken=cc7b13ffcd2ddd51'. The system cannot find the file specified.
File name: 'Microsoft.Bcl.AsyncInterfaces, Version=1.0.0.0, Culture=neutral, PublicKeyToken=cc7b13ffcd2ddd51'
 ---> System.IO.FileNotFoundException: Could not load file or assembly 'Microsoft.Bcl.AsyncInterfaces, Culture=neutral, PublicKeyToken=null'. The system cannot find the file specified.
File name: 'Microsoft.Bcl.AsyncInterfaces, Culture=neutral, PublicKeyToken=null'
   at System.Reflection.RuntimeAssembly.InternalLoad(ObjectHandleOnStack assemblyName, ObjectHandleOnStack requestingAssembly, StackCrawlMarkHandle stackMark, Boolean throwOnFileNotFound, ObjectHandleOnStack assemblyLoadContext, ObjectHandleOnStack retAssembly)
   at System.Reflection.RuntimeAssembly.InternalLoad(AssemblyName assemblyName, RuntimeAssembly requestingAssembly, StackCrawlMark& stackMark, Boolean throwOnFileNotFound, AssemblyLoadContext assemblyLoadContext)
   at System.Reflection.Assembly.Load(AssemblyName assemblyRef)
   at Microsoft.VisualStudio.TestPlatform.Common.ExtensionFramework.TestPluginCache.CurrentDomainAssemblyResolve(Object sender, AssemblyResolveEventArgs args)
   at Microsoft.VisualStudio.TestPlatform.PlatformAbstractions.PlatformAssemblyResolver.AssemblyResolverEvent(Object sender, Object eventArgs)
   at System.Runtime.Loader.AssemblyLoadContext.GetFirstResolvedAssemblyFromResolvingEvent(AssemblyName assemblyName)
   at System.Runtime.Loader.AssemblyLoadContext.ResolveUsingEvent(AssemblyName assemblyName)
   at System.Runtime.Loader.AssemblyLoadContext.ResolveUsingResolvingEvent(IntPtr gchManagedAssemblyLoadContext, AssemblyName assemblyName)
TpTrace Information: 0 : 14624, 1, 2022/07/03, 11:39:22.632, 1731549170769, vstest.console.dll, AssemblyResolver.OnResolve: Microsoft.TestPlatform.Extensions.BlameDataCollector: Resolving assembly.
TpTrace Information: 0 : 14624, 1, 2022/07/03, 11:39:22.632, 1731549171179, vstest.console.dll, AssemblyResolver.OnResolve: Microsoft.TestPlatform.Extensions.BlameDataCollector: Searching in: 'C:\Program Files\dotnet\sdk\6.0.203\Extensions'.
TpTrace Information: 0 : 14624, 1, 2022/07/03, 11:39:22.632, 1731549173195, vstest.console.dll, AssemblyResolver.OnResolve: Microsoft.TestPlatform.Extensions.BlameDataCollector: Loading assembly 'C:\Program Files\dotnet\sdk\6.0.203\Extensions\Microsoft.TestPlatform.Extensions.BlameDataCollector.dll'.
TpTrace Information: 0 : 14624, 1, 2022/07/03, 11:39:22.632, 1731549176352, vstest.console.dll, AssemblyResolver.OnResolve: Resolved assembly: Microsoft.TestPlatform.Extensions.BlameDataCollector, from path: C:\Program Files\dotnet\sdk\6.0.203\Extensions\Microsoft.TestPlatform.Extensions.BlameDataCollector.dll
TpTrace Information: 0 : 14624, 1, 2022/07/03, 11:39:22.633, 1731549180733, vstest.console.dll, AssemblyResolver.OnResolve: Microsoft.TestPlatform.Extensions.EventLogCollector: Resolving assembly.
TpTrace Information: 0 : 14624, 1, 2022/07/03, 11:39:22.633, 1731549181194, vstest.console.dll, AssemblyResolver.OnResolve: Microsoft.TestPlatform.Extensions.EventLogCollector: Searching in: 'C:\Program Files\dotnet\sdk\6.0.203\Extensions'.
TpTrace Information: 0 : 14624, 1, 2022/07/03, 11:39:22.633, 1731549183096, vstest.console.dll, AssemblyResolver.OnResolve: Microsoft.TestPlatform.Extensions.EventLogCollector: Loading assembly 'C:\Program Files\dotnet\sdk\6.0.203\Extensions\Microsoft.TestPlatform.Extensions.EventLogCollector.dll'.
TpTrace Information: 0 : 14624, 1, 2022/07/03, 11:39:22.633, 1731549185736, vstest.console.dll, AssemblyResolver.OnResolve: Resolved assembly: Microsoft.TestPlatform.Extensions.EventLogCollector, from path: C:\Program Files\dotnet\sdk\6.0.203\Extensions\Microsoft.TestPlatform.Extensions.EventLogCollector.dll
TpTrace Information: 0 : 14624, 1, 2022/07/03, 11:39:22.634, 1731549191450, vstest.console.dll, AssemblyResolver.OnResolve: Microsoft.TestPlatform.TestHostRuntimeProvider: Resolving assembly.
TpTrace Information: 0 : 14624, 1, 2022/07/03, 11:39:22.634, 1731549191910, vstest.console.dll, AssemblyResolver.OnResolve: Microsoft.TestPlatform.TestHostRuntimeProvider: Searching in: 'C:\Program Files\dotnet\sdk\6.0.203\Extensions'.
TpTrace Information: 0 : 14624, 1, 2022/07/03, 11:39:22.634, 1731549193698, vstest.console.dll, AssemblyResolver.OnResolve: Microsoft.TestPlatform.TestHostRuntimeProvider: Loading assembly 'C:\Program Files\dotnet\sdk\6.0.203\Extensions\Microsoft.TestPlatform.TestHostRuntimeProvider.dll'.
TpTrace Information: 0 : 14624, 1, 2022/07/03, 11:39:22.634, 1731549196379, vstest.console.dll, AssemblyResolver.OnResolve: Resolved assembly: Microsoft.TestPlatform.TestHostRuntimeProvider, from path: C:\Program Files\dotnet\sdk\6.0.203\Extensions\Microsoft.TestPlatform.TestHostRuntimeProvider.dll
TpTrace Information: 0 : 14624, 1, 2022/07/03, 11:39:22.635, 1731549204856, vstest.console.dll, AssemblyResolver.OnResolve: Microsoft.VisualStudio.TestPlatform.Extensions.Html.TestLogger: Resolving assembly.
TpTrace Information: 0 : 14624, 1, 2022/07/03, 11:39:22.635, 1731549205341, vstest.console.dll, AssemblyResolver.OnResolve: Microsoft.VisualStudio.TestPlatform.Extensions.Html.TestLogger: Searching in: 'C:\Program Files\dotnet\sdk\6.0.203\Extensions'.
TpTrace Information: 0 : 14624, 1, 2022/07/03, 11:39:22.635, 1731549207222, vstest.console.dll, AssemblyResolver.OnResolve: Microsoft.VisualStudio.TestPlatform.Extensions.Html.TestLogger: Loading assembly 'C:\Program Files\dotnet\sdk\6.0.203\Extensions\Microsoft.VisualStudio.TestPlatform.Extensions.Html.TestLogger.dll'.
TpTrace Information: 0 : 14624, 1, 2022/07/03, 11:39:22.636, 1731549209967, vstest.console.dll, AssemblyResolver.OnResolve: Resolved assembly: Microsoft.VisualStudio.TestPlatform.Extensions.Html.TestLogger, from path: C:\Program Files\dotnet\sdk\6.0.203\Extensions\Microsoft.VisualStudio.TestPlatform.Extensions.Html.TestLogger.dll
TpTrace Information: 0 : 14624, 1, 2022/07/03, 11:39:22.636, 1731549212034, vstest.console.dll, AssemblyResolver.OnResolve: Microsoft.VisualStudio.TestPlatform.Extensions.Trx.TestLogger: Resolving assembly.
TpTrace Information: 0 : 14624, 1, 2022/07/03, 11:39:22.636, 1731549212447, vstest.console.dll, AssemblyResolver.OnResolve: Microsoft.VisualStudio.TestPlatform.Extensions.Trx.TestLogger: Searching in: 'C:\Program Files\dotnet\sdk\6.0.203\Extensions'.
TpTrace Information: 0 : 14624, 1, 2022/07/03, 11:39:22.636, 1731549214351, vstest.console.dll, AssemblyResolver.OnResolve: Microsoft.VisualStudio.TestPlatform.Extensions.Trx.TestLogger: Loading assembly 'C:\Program Files\dotnet\sdk\6.0.203\Extensions\Microsoft.VisualStudio.TestPlatform.Extensions.Trx.TestLogger.dll'.
TpTrace Information: 0 : 14624, 1, 2022/07/03, 11:39:22.636, 1731549217156, vstest.console.dll, AssemblyResolver.OnResolve: Resolved assembly: Microsoft.VisualStudio.TestPlatform.Extensions.Trx.TestLogger, from path: C:\Program Files\dotnet\sdk\6.0.203\Extensions\Microsoft.VisualStudio.TestPlatform.Extensions.Trx.TestLogger.dll
TpTrace Verbose: 0 : 14624, 1, 2022/07/03, 11:39:22.637, 1731549220899, vstest.console.dll, TestPluginCache: Discovered the extensions using extension path ''.
TpTrace Verbose: 0 : 14624, 1, 2022/07/03, 11:39:22.637, 1731549221469, vstest.console.dll, TestPluginCache: Discoverers are ''.
TpTrace Verbose: 0 : 14624, 1, 2022/07/03, 11:39:22.637, 1731549221760, vstest.console.dll, TestPluginCache: Executors are ''.
TpTrace Verbose: 0 : 14624, 1, 2022/07/03, 11:39:22.637, 1731549222018, vstest.console.dll, TestPluginCache: Executors2 are ''.
TpTrace Verbose: 0 : 14624, 1, 2022/07/03, 11:39:22.637, 1731549222270, vstest.console.dll, TestPluginCache: Setting providers are ''.
TpTrace Verbose: 0 : 14624, 1, 2022/07/03, 11:39:22.637, 1731549222519, vstest.console.dll, TestPluginCache: Loggers are ''.
TpTrace Information: 0 : 14624, 1, 2022/07/03, 11:39:22.640, 1731549254205, vstest.console.dll, RunTestsArgumentProcessor:Execute: Test run is starting.
TpTrace Verbose: 0 : 14624, 1, 2022/07/03, 11:39:22.640, 1731549254857, vstest.console.dll, RunTestsArgumentProcessor:Execute: Queuing Test run.
TpTrace Information: 0 : 14624, 1, 2022/07/03, 11:39:22.640, 1731549256783, vstest.console.dll, TestRequestManager.RunTests: run tests started.
TpTrace Information: 0 : 14624, 1, 2022/07/03, 11:39:22.658, 1731549427714, vstest.console.dll, AssemblyMetadataProvider.GetFrameWork: Determined framework:'.NETCoreApp,Version=v5.0' for source: 'C:\Users\Viliyan Ivanov\Documents\exercises-2021\Viliyan\FinalProject\AirportWebApplication\AirportWebApplication.Tests\bin\Debug\net5.0\fine-code-coverage\build-output\AirportWebApplication.Tests.dll'
TpTrace Information: 0 : 14624, 1, 2022/07/03, 11:39:22.658, 1731549429134, vstest.console.dll, Determined framework for all sources: .NETCoreApp,Version=v5.0
TpTrace Verbose: 0 : 14624, 1, 2022/07/03, 11:39:22.658, 1731549431362, vstest.console.dll, Default architecture: X64 IsDefaultTargetArchitecture: True
TpTrace Information: 0 : 14624, 1, 2022/07/03, 11:39:22.658, 1731549434126, vstest.console.dll, AssemblyMetadataProvider.GetArchitecture: Determined architecture:AnyCPU info for assembly: C:\Users\Viliyan Ivanov\Documents\exercises-2021\Viliyan\FinalProject\AirportWebApplication\AirportWebApplication.Tests\bin\Debug\net5.0\fine-code-coverage\build-output\AirportWebApplication.Tests.dll
TpTrace Information: 0 : 14624, 1, 2022/07/03, 11:39:22.658, 1731549434531, vstest.console.dll, Determined platform for source 'C:\Users\Viliyan Ivanov\Documents\exercises-2021\Viliyan\FinalProject\AirportWebApplication\AirportWebApplication.Tests\bin\Debug\net5.0\fine-code-coverage\build-output\AirportWebApplication.Tests.dll' is 'AnyCPU'
TpTrace Information: 0 : 14624, 1, 2022/07/03, 11:39:22.660, 1731549449100, vstest.console.dll, Determined platform for all sources: X64
TpTrace Information: 0 : 14624, 1, 2022/07/03, 11:39:22.660, 1731549449781, vstest.console.dll, Infered platform 'X64'.
TpTrace Information: 0 : 14624, 1, 2022/07/03, 11:39:22.660, 1731549450214, vstest.console.dll, Platform update to 'X64' required.
TpTrace Information: 0 : 14624, 1, 2022/07/03, 11:39:22.662, 1731549473504, vstest.console.dll, Compatible sources list : 
TpTrace Information: 0 : 14624, 1, 2022/07/03, 11:39:22.662, 1731549474208, vstest.console.dll, C:\Users\Viliyan Ivanov\Documents\exercises-2021\Viliyan\FinalProject\AirportWebApplication\AirportWebApplication.Tests\bin\Debug\net5.0\fine-code-coverage\build-output\AirportWebApplication.Tests.dll
TpTrace Information: 0 : 14624, 1, 2022/07/03, 11:39:22.664, 1731549491922, vstest.console.dll, InferRunSettingsHelper.IsTestSettingsEnabled: Unable to navigate to RunSettings/MSTest. Current node: RunSettings
TpTrace Information: 0 : 14624, 1, 2022/07/03, 11:39:22.664, 1731549496660, vstest.console.dll, AssemblyResolver.OnResolve: Microsoft.VisualStudio.TestPlatform.Fakes: Resolving assembly.
TpTrace Information: 0 : 14624, 1, 2022/07/03, 11:39:22.664, 1731549497141, vstest.console.dll, AssemblyResolver.OnResolve: Microsoft.VisualStudio.TestPlatform.Fakes: Searching in: 'C:\Program Files\dotnet\sdk\6.0.203\Extensions'.
TpTrace Information: 0 : 14624, 1, 2022/07/03, 11:39:22.665, 1731549498106, vstest.console.dll, AssemblyResolver.OnResolve: Microsoft.VisualStudio.TestPlatform.Fakes: Assembly path does not exist: 'C:\Program Files\dotnet\sdk\6.0.203\Extensions\Microsoft.VisualStudio.TestPlatform.Fakes.dll', returning.
TpTrace Information: 0 : 14624, 1, 2022/07/03, 11:39:22.665, 1731549498805, vstest.console.dll, AssemblyResolver.OnResolve: Microsoft.VisualStudio.TestPlatform.Fakes: Assembly path does not exist: 'C:\Program Files\dotnet\sdk\6.0.203\Extensions\Microsoft.VisualStudio.TestPlatform.Fakes.exe', returning.
TpTrace Information: 0 : 14624, 1, 2022/07/03, 11:39:22.665, 1731549499113, vstest.console.dll, AssemblyResolver.OnResolve: Microsoft.VisualStudio.TestPlatform.Fakes: Searching in: 'C:\Program Files\dotnet\sdk\6.0.203'.
TpTrace Information: 0 : 14624, 1, 2022/07/03, 11:39:22.665, 1731549499670, vstest.console.dll, AssemblyResolver.OnResolve: Microsoft.VisualStudio.TestPlatform.Fakes: Assembly path does not exist: 'C:\Program Files\dotnet\sdk\6.0.203\Microsoft.VisualStudio.TestPlatform.Fakes.dll', returning.
TpTrace Information: 0 : 14624, 1, 2022/07/03, 11:39:22.665, 1731549500222, vstest.console.dll, AssemblyResolver.OnResolve: Microsoft.VisualStudio.TestPlatform.Fakes: Assembly path does not exist: 'C:\Program Files\dotnet\sdk\6.0.203\Microsoft.VisualStudio.TestPlatform.Fakes.exe', returning.
TpTrace Information: 0 : 14624, 1, 2022/07/03, 11:39:22.665, 1731549500564, vstest.console.dll, AssemblyResolver.OnResolve: Microsoft.VisualStudio.TestPlatform.Fakes: Failed to load assembly.
TpTrace Information: 0 : 14624, 1, 2022/07/03, 11:39:22.665, 1731549502494, vstest.console.dll, Failed to load assembly Microsoft.VisualStudio.TestPlatform.Fakes, Version=17.0.0.0, Culture=neutral. Reason:System.IO.FileNotFoundException: Could not load file or assembly 'Microsoft.VisualStudio.TestPlatform.Fakes, Version=17.0.0.0, Culture=neutral, PublicKeyToken=null'. The system cannot find the file specified.
File name: 'Microsoft.VisualStudio.TestPlatform.Fakes, Version=17.0.0.0, Culture=neutral, PublicKeyToken=null'
   at System.Reflection.RuntimeAssembly.InternalLoad(ObjectHandleOnStack assemblyName, ObjectHandleOnStack requestingAssembly, StackCrawlMarkHandle stackMark, Boolean throwOnFileNotFound, ObjectHandleOnStack assemblyLoadContext, ObjectHandleOnStack retAssembly)
   at System.Reflection.RuntimeAssembly.InternalLoad(AssemblyName assemblyName, RuntimeAssembly requestingAssembly, StackCrawlMark& stackMark, Boolean throwOnFileNotFound, AssemblyLoadContext assemblyLoadContext)
   at System.Reflection.Assembly.Load(AssemblyName assemblyRef)
   at Microsoft.VisualStudio.TestPlatform.Common.Utilities.FakesUtilities.LoadTestPlatformAssembly()
TpTrace Verbose: 0 : 14624, 1, 2022/07/03, 11:39:22.668, 1731549531020, vstest.console.dll, TestPluginCache.DiscoverTestExtensions: finding test extensions in assemblies ends with: TestLogger.dll TPluginInfo: Microsoft.VisualStudio.TestPlatform.Common.ExtensionFramework.Utilities.TestLoggerPluginInformation TExtension: Microsoft.VisualStudio.TestPlatform.ObjectModel.Client.ITestLogger
TpTrace Verbose: 0 : 14624, 1, 2022/07/03, 11:39:22.668, 1731549531633, vstest.console.dll, TestPluginCache.GetExtensionPaths: Filtered extension paths: 
TpTrace Verbose: 0 : 14624, 1, 2022/07/03, 11:39:22.668, 1731549531982, vstest.console.dll, TestPluginCache.GetExtensionPaths: Added default extension paths: C:\Program Files\dotnet\sdk\6.0.203\Extensions\DumpMinitool.exe
C:\Program Files\dotnet\sdk\6.0.203\Extensions\DumpMinitool.x86.exe
C:\Program Files\dotnet\sdk\6.0.203\Extensions\Microsoft.Diagnostics.NETCore.Client.dll
C:\Program Files\dotnet\sdk\6.0.203\Extensions\Microsoft.TestPlatform.Extensions.BlameDataCollector.dll
C:\Program Files\dotnet\sdk\6.0.203\Extensions\Microsoft.TestPlatform.Extensions.EventLogCollector.dll
C:\Program Files\dotnet\sdk\6.0.203\Extensions\Microsoft.TestPlatform.TestHostRuntimeProvider.dll
C:\Program Files\dotnet\sdk\6.0.203\Extensions\Microsoft.VisualStudio.TestPlatform.Extensions.Html.TestLogger.dll
C:\Program Files\dotnet\sdk\6.0.203\Extensions\Microsoft.VisualStudio.TestPlatform.Extensions.Trx.TestLogger.dll
TpTrace Verbose: 0 : 14624, 1, 2022/07/03, 11:39:22.668, 1731549532359, vstest.console.dll, TestPluginCache.GetExtensionPaths: Added unfilterableExtensionPaths: 
TpTrace Information: 0 : 14624, 1, 2022/07/03, 11:39:22.668, 1731549533353, vstest.console.dll, AssemblyResolver.AddSearchDirectories: Adding more searchDirectories C:\Program Files\dotnet\sdk\6.0.203\Extensions,C:\Program Files\dotnet\sdk\6.0.203
TpTrace Verbose: 0 : 14624, 1, 2022/07/03, 11:39:22.668, 1731549533784, vstest.console.dll, TestPluginCache.DiscoverTestExtensions: Discovering the extensions using extension path.
TpTrace Verbose: 0 : 14624, 1, 2022/07/03, 11:39:22.668, 1731549534113, vstest.console.dll, TestPluginCache.GetExtensionPaths: Filtered extension paths: 
TpTrace Verbose: 0 : 14624, 1, 2022/07/03, 11:39:22.668, 1731549534389, vstest.console.dll, TestPluginCache.GetExtensionPaths: Added default extension paths: C:\Program Files\dotnet\sdk\6.0.203\Extensions\DumpMinitool.exe
C:\Program Files\dotnet\sdk\6.0.203\Extensions\DumpMinitool.x86.exe
C:\Program Files\dotnet\sdk\6.0.203\Extensions\Microsoft.Diagnostics.NETCore.Client.dll
C:\Program Files\dotnet\sdk\6.0.203\Extensions\Microsoft.TestPlatform.Extensions.BlameDataCollector.dll
C:\Program Files\dotnet\sdk\6.0.203\Extensions\Microsoft.TestPlatform.Extensions.EventLogCollector.dll
C:\Program Files\dotnet\sdk\6.0.203\Extensions\Microsoft.TestPlatform.TestHostRuntimeProvider.dll
C:\Program Files\dotnet\sdk\6.0.203\Extensions\Microsoft.VisualStudio.TestPlatform.Extensions.Html.TestLogger.dll
C:\Program Files\dotnet\sdk\6.0.203\Extensions\Microsoft.VisualStudio.TestPlatform.Extensions.Trx.TestLogger.dll
TpTrace Verbose: 0 : 14624, 1, 2022/07/03, 11:39:22.668, 1731549535100, vstest.console.dll, TestPluginCache.GetExtensionPaths: Added unfilterableExtensionPaths: 
TpTrace Verbose: 0 : 14624, 1, 2022/07/03, 11:39:22.668, 1731549535437, vstest.console.dll, TestPluginCache.DiscoverTestExtensions: Discovering the extensions using allExtensionPaths: C:\Program Files\dotnet\sdk\6.0.203\Extensions\DumpMinitool.exe
C:\Program Files\dotnet\sdk\6.0.203\Extensions\DumpMinitool.x86.exe
C:\Program Files\dotnet\sdk\6.0.203\Extensions\Microsoft.Diagnostics.NETCore.Client.dll
C:\Program Files\dotnet\sdk\6.0.203\Extensions\Microsoft.TestPlatform.Extensions.BlameDataCollector.dll
C:\Program Files\dotnet\sdk\6.0.203\Extensions\Microsoft.TestPlatform.Extensions.EventLogCollector.dll
C:\Program Files\dotnet\sdk\6.0.203\Extensions\Microsoft.TestPlatform.TestHostRuntimeProvider.dll
C:\Program Files\dotnet\sdk\6.0.203\Extensions\Microsoft.VisualStudio.TestPlatform.Extensions.Html.TestLogger.dll
C:\Program Files\dotnet\sdk\6.0.203\Extensions\Microsoft.VisualStudio.TestPlatform.Extensions.Trx.TestLogger.dll
TpTrace Information: 0 : 14624, 1, 2022/07/03, 11:39:22.668, 1731549535878, vstest.console.dll, AssemblyResolver.AddSearchDirectories: Adding more searchDirectories C:\Program Files\dotnet\sdk\6.0.203\Extensions,C:\Program Files\dotnet\sdk\6.0.203
TpTrace Information: 0 : 14624, 1, 2022/07/03, 11:39:22.668, 1731549536189, vstest.console.dll, AssemblyResolver.AddSearchDirectories: Adding more searchDirectories C:\Program Files\dotnet\sdk\6.0.203\Extensions,C:\Program Files\dotnet\sdk\6.0.203
TpTrace Information: 0 : 14624, 1, 2022/07/03, 11:39:22.668, 1731549536512, vstest.console.dll, AssemblyResolver.AddSearchDirectories: Adding more searchDirectories C:\Program Files\dotnet\sdk\6.0.203\Extensions,C:\Program Files\dotnet\sdk\6.0.203
TpTrace Information: 0 : 14624, 1, 2022/07/03, 11:39:22.668, 1731549536798, vstest.console.dll, AssemblyResolver.AddSearchDirectories: Adding more searchDirectories C:\Program Files\dotnet\sdk\6.0.203\Extensions,C:\Program Files\dotnet\sdk\6.0.203
TpTrace Information: 0 : 14624, 1, 2022/07/03, 11:39:22.668, 1731549537077, vstest.console.dll, AssemblyResolver.AddSearchDirectories: Adding more searchDirectories C:\Program Files\dotnet\sdk\6.0.203\Extensions,C:\Program Files\dotnet\sdk\6.0.203
TpTrace Information: 0 : 14624, 1, 2022/07/03, 11:39:22.668, 1731549537353, vstest.console.dll, AssemblyResolver.AddSearchDirectories: Adding more searchDirectories C:\Program Files\dotnet\sdk\6.0.203\Extensions,C:\Program Files\dotnet\sdk\6.0.203
TpTrace Information: 0 : 14624, 1, 2022/07/03, 11:39:22.669, 1731549537704, vstest.console.dll, AssemblyResolver.AddSearchDirectories: Adding more searchDirectories C:\Program Files\dotnet\sdk\6.0.203\Extensions,C:\Program Files\dotnet\sdk\6.0.203
TpTrace Information: 0 : 14624, 1, 2022/07/03, 11:39:22.669, 1731549537993, vstest.console.dll, AssemblyResolver.AddSearchDirectories: Adding more searchDirectories C:\Program Files\dotnet\sdk\6.0.203\Extensions,C:\Program Files\dotnet\sdk\6.0.203
TpTrace Information: 0 : 14624, 1, 2022/07/03, 11:39:22.669, 1731549540256, vstest.console.dll, AssemblyResolver.OnResolve: Microsoft.Bcl.AsyncInterfaces: Resolving assembly.
TpTrace Information: 0 : 14624, 1, 2022/07/03, 11:39:22.669, 1731549540682, vstest.console.dll, AssemblyResolver.OnResolve: Microsoft.Bcl.AsyncInterfaces: Resolved from cache.
TpTrace Verbose: 0 : 14624, 1, 2022/07/03, 11:39:22.669, 1731549540979, vstest.console.dll, CurrentDomainAssemblyResolve: Resolving assembly 'Microsoft.Bcl.AsyncInterfaces'.
TpTrace Information: 0 : 14624, 1, 2022/07/03, 11:39:22.669, 1731549541358, vstest.console.dll, AssemblyResolver.OnResolve: Microsoft.Bcl.AsyncInterfaces: Resolving assembly.
TpTrace Information: 0 : 14624, 1, 2022/07/03, 11:39:22.669, 1731549541631, vstest.console.dll, AssemblyResolver.OnResolve: Microsoft.Bcl.AsyncInterfaces: Resolved from cache.
TpTrace Verbose: 0 : 14624, 1, 2022/07/03, 11:39:22.669, 1731549541909, vstest.console.dll, CurrentDomainAssemblyResolve: Resolving assembly 'Microsoft.Bcl.AsyncInterfaces'.
TpTrace Verbose: 0 : 14624, 1, 2022/07/03, 11:39:22.669, 1731549542183, vstest.console.dll, CurrentDomainAssemblyResolve: Failed to resolve assembly 'Microsoft.Bcl.AsyncInterfaces'.
TpTrace Verbose: 0 : 14624, 1, 2022/07/03, 11:39:22.669, 1731549543308, vstest.console.dll, CurrentDomainAssemblyResolve: Failed to resolve assembly 'Microsoft.Bcl.AsyncInterfaces'.
TpTrace Warning: 0 : 14624, 1, 2022/07/03, 11:39:22.669, 1731549545861, vstest.console.dll, TestPluginDiscoverer: Failed to get types from assembly 'Microsoft.Diagnostics.NETCore.Client, Version=0.2.5.801, Culture=neutral, PublicKeyToken=31bf3856ad364e35'.  Skipping test extension scan for this assembly.  Error: System.Reflection.ReflectionTypeLoadException: Unable to load one or more of the requested types.
Could not load file or assembly 'Microsoft.Bcl.AsyncInterfaces, Version=1.0.0.0, Culture=neutral, PublicKeyToken=cc7b13ffcd2ddd51'. The system cannot find the file specified.
   at System.Reflection.RuntimeModule.GetTypes(RuntimeModule module)
   at System.Reflection.Assembly.GetTypes()
   at Microsoft.VisualStudio.TestPlatform.Common.ExtensionFramework.TestPluginDiscoverer.GetTestExtensionsFromAssembly[TPluginInfo,TExtension](Assembly assembly, Dictionary`2 pluginInfos)
System.IO.FileNotFoundException: Could not load file or assembly 'Microsoft.Bcl.AsyncInterfaces, Version=1.0.0.0, Culture=neutral, PublicKeyToken=cc7b13ffcd2ddd51'. The system cannot find the file specified.
File name: 'Microsoft.Bcl.AsyncInterfaces, Version=1.0.0.0, Culture=neutral, PublicKeyToken=cc7b13ffcd2ddd51'
 ---> System.IO.FileNotFoundException: Could not load file or assembly 'Microsoft.Bcl.AsyncInterfaces, Culture=neutral, PublicKeyToken=null'. The system cannot find the file specified.
File name: 'Microsoft.Bcl.AsyncInterfaces, Culture=neutral, PublicKeyToken=null'
   at System.Reflection.RuntimeAssembly.InternalLoad(ObjectHandleOnStack assemblyName, ObjectHandleOnStack requestingAssembly, StackCrawlMarkHandle stackMark, Boolean throwOnFileNotFound, ObjectHandleOnStack assemblyLoadContext, ObjectHandleOnStack retAssembly)
   at System.Reflection.RuntimeAssembly.InternalLoad(AssemblyName assemblyName, RuntimeAssembly requestingAssembly, StackCrawlMark& stackMark, Boolean throwOnFileNotFound, AssemblyLoadContext assemblyLoadContext)
   at System.Reflection.Assembly.Load(AssemblyName assemblyRef)
   at Microsoft.VisualStudio.TestPlatform.Common.ExtensionFramework.TestPluginCache.CurrentDomainAssemblyResolve(Object sender, AssemblyResolveEventArgs args)
   at Microsoft.VisualStudio.TestPlatform.PlatformAbstractions.PlatformAssemblyResolver.AssemblyResolverEvent(Object sender, Object eventArgs)
   at System.Runtime.Loader.AssemblyLoadContext.GetFirstResolvedAssemblyFromResolvingEvent(AssemblyName assemblyName)
   at System.Runtime.Loader.AssemblyLoadContext.ResolveUsingEvent(AssemblyName assemblyName)
   at System.Runtime.Loader.AssemblyLoadContext.ResolveUsingResolvingEvent(IntPtr gchManagedAssemblyLoadContext, AssemblyName assemblyName)
TpTrace Warning: 0 : 14624, 1, 2022/07/03, 11:39:22.669, 1731549547056, vstest.console.dll, LoaderExceptions: System.IO.FileNotFoundException: Could not load file or assembly 'Microsoft.Bcl.AsyncInterfaces, Version=1.0.0.0, Culture=neutral, PublicKeyToken=cc7b13ffcd2ddd51'. The system cannot find the file specified.
File name: 'Microsoft.Bcl.AsyncInterfaces, Version=1.0.0.0, Culture=neutral, PublicKeyToken=cc7b13ffcd2ddd51'
 ---> System.IO.FileNotFoundException: Could not load file or assembly 'Microsoft.Bcl.AsyncInterfaces, Culture=neutral, PublicKeyToken=null'. The system cannot find the file specified.
File name: 'Microsoft.Bcl.AsyncInterfaces, Culture=neutral, PublicKeyToken=null'
   at System.Reflection.RuntimeAssembly.InternalLoad(ObjectHandleOnStack assemblyName, ObjectHandleOnStack requestingAssembly, StackCrawlMarkHandle stackMark, Boolean throwOnFileNotFound, ObjectHandleOnStack assemblyLoadContext, ObjectHandleOnStack retAssembly)
   at System.Reflection.RuntimeAssembly.InternalLoad(AssemblyName assemblyName, RuntimeAssembly requestingAssembly, StackCrawlMark& stackMark, Boolean throwOnFileNotFound, AssemblyLoadContext assemblyLoadContext)
   at System.Reflection.Assembly.Load(AssemblyName assemblyRef)
   at Microsoft.VisualStudio.TestPlatform.Common.ExtensionFramework.TestPluginCache.CurrentDomainAssemblyResolve(Object sender, AssemblyResolveEventArgs args)
   at Microsoft.VisualStudio.TestPlatform.PlatformAbstractions.PlatformAssemblyResolver.AssemblyResolverEvent(Object sender, Object eventArgs)
   at System.Runtime.Loader.AssemblyLoadContext.GetFirstResolvedAssemblyFromResolvingEvent(AssemblyName assemblyName)
   at System.Runtime.Loader.AssemblyLoadContext.ResolveUsingEvent(AssemblyName assemblyName)
   at System.Runtime.Loader.AssemblyLoadContext.ResolveUsingResolvingEvent(IntPtr gchManagedAssemblyLoadContext, AssemblyName assemblyName)
TpTrace Verbose: 0 : 14624, 1, 2022/07/03, 11:39:22.670, 1731549549773, vstest.console.dll, TestPluginCache: Discovered the extensions using extension path ''.
TpTrace Verbose: 0 : 14624, 1, 2022/07/03, 11:39:22.670, 1731549550158, vstest.console.dll, TestPluginCache: Discoverers are ''.
TpTrace Verbose: 0 : 14624, 1, 2022/07/03, 11:39:22.670, 1731549550422, vstest.console.dll, TestPluginCache: Executors are ''.
TpTrace Verbose: 0 : 14624, 1, 2022/07/03, 11:39:22.670, 1731549550667, vstest.console.dll, TestPluginCache: Executors2 are ''.
TpTrace Verbose: 0 : 14624, 1, 2022/07/03, 11:39:22.670, 1731549550910, vstest.console.dll, TestPluginCache: Setting providers are ''.
TpTrace Verbose: 0 : 14624, 1, 2022/07/03, 11:39:22.670, 1731549551434, vstest.console.dll, TestPluginCache: Loggers are 'logger://Microsoft/TestPlatform/Extensions/Blame/v1,logger://Microsoft/TestPlatform/HtmlLogger/v1,logger://Microsoft/TestPlatform/TrxLogger/v1'.
TpTrace Information: 0 : 14624, 1, 2022/07/03, 11:39:22.670, 1731549555989, vstest.console.dll, TestPluginManager.CreateTestExtension: Attempting to load test extension: Microsoft.TestPlatform.Extensions.BlameDataCollector.BlameLogger
TpTrace Information: 0 : 14624, 1, 2022/07/03, 11:39:22.675, 1731549600693, vstest.console.dll, TestPluginManager.CreateTestExtension: Attempting to load test extension: Microsoft.VisualStudio.TestPlatform.CrossPlatEngine.Hosting.DefaultTestHostManager
TpTrace Information: 0 : 14624, 1, 2022/07/03, 11:39:22.676, 1731549608226, vstest.console.dll, TestPluginManager.CreateTestExtension: Attempting to load test extension: Microsoft.VisualStudio.TestPlatform.CrossPlatEngine.Hosting.DotnetTestHostManager
TpTrace Verbose: 0 : 14624, 1, 2022/07/03, 11:39:22.676, 1731549614057, vstest.console.dll, TestEngine: Initializing Parallel Execution as MaxCpuCount is set to: 1
TpTrace Information: 0 : 14624, 1, 2022/07/03, 11:39:22.677, 1731549620717, vstest.console.dll, InferRunSettingsHelper.IsTestSettingsEnabled: Unable to navigate to RunSettings/MSTest. Current node: RunSettings
TpTrace Verbose: 0 : 14624, 1, 2022/07/03, 11:39:22.686, 1731549711420, vstest.console.dll, TestRequestSender is acting as server
TpTrace Verbose: 0 : 14624, 5, 2022/07/03, 11:39:22.689, 1731549746170, vstest.console.dll, DataCollectionRequestSender.InitializeCommunication : Initialize communication. 
TpTrace Information: 0 : 14624, 5, 2022/07/03, 11:39:22.695, 1731549800844, vstest.console.dll, Listening on Endpoint : 127.0.0.1:52656
TpTrace Verbose: 0 : 14624, 5, 2022/07/03, 11:39:22.703, 1731549882803, vstest.console.dll, DotnetDataCollectionLauncher: Full path of dotnet.exe is C:\Program Files\dotnet\dotnet.exe
TpTrace Verbose: 0 : 14624, 5, 2022/07/03, 11:39:22.703, 1731549884029, vstest.console.dll, DotnetDataCollectionLauncher: Adding  --runtimeconfig "C:\Program Files\dotnet\sdk\6.0.203\datacollector.runtimeconfig.json" in args
TpTrace Verbose: 0 : 14624, 5, 2022/07/03, 11:39:22.703, 1731549884733, vstest.console.dll, DotnetDataCollectionLauncher: Adding  --depsfile "C:\Program Files\dotnet\sdk\6.0.203\datacollector.deps.json" in args
TpTrace Information: 0 : 14624, 5, 2022/07/03, 11:39:22.709, 1731549946302, vstest.console.dll, ProxyDataCollectionManager.Initialize: Launched datacollector processId: 20152 port: 52656
TpTrace Information: 0 : 14624, 5, 2022/07/03, 11:39:22.710, 1731549947640, vstest.console.dll, ProxyDataCollectionManager.Initialize: waiting for connection with timeout: 90 seconds
TpTrace Verbose: 0 : 14624, 5, 2022/07/03, 11:39:22.710, 1731549948169, vstest.console.dll, DataCollectionRequestSender.WaitForRequestHandlerConnection : Waiting for connection with timeout: 90000
TpTrace Information: 0 : 14624, 8, 2022/07/03, 11:39:22.818, 1731551030656, vstest.console.dll, Using the buffer size of 16384 bytes
TpTrace Verbose: 0 : 14624, 5, 2022/07/03, 11:39:22.818, 1731551031601, vstest.console.dll, ProxyDataCollectionManager.InvokeDataCollectionServiceAction: Starting.
TpTrace Information: 0 : 14624, 8, 2022/07/03, 11:39:22.818, 1731551031977, vstest.console.dll, Accepted Client request and set the flag
TpTrace Information: 0 : 14624, 5, 2022/07/03, 11:39:22.818, 1731551033115, vstest.console.dll, ProxyDataCollectionManager.BeforeTestRunStart: Get environment variable and port for datacollector processId: 20152 port: 52656
TpTrace Verbose: 0 : 14624, 5, 2022/07/03, 11:39:22.818, 1731551034473, vstest.console.dll, DataCollectionRequestSender.SendBeforeTestRunStartAndGetResult : Send BeforeTestRunStart message with settingsXml <RunSettings><RunConfiguration><ResultsDirectory>C:\Users\Viliyan Ivanov\Documents\exercises-2021\Viliyan\FinalProject\AirportWebApplication\AirportWebApplication.Tests\bin\Debug\net5.0\fine-code-coverage\coverage-tool-output</ResultsDirectory><TargetPlatform>X64</TargetPlatform><TargetFrameworkVersion>.NETCoreApp,Version=v5.0</TargetFrameworkVersion><DesignMode>False</DesignMode><CollectSourceInformation>False</CollectSourceInformation><TestAdaptersPaths>C:\Program Files\dotnet\sdk\6.0.203\Extensions</TestAdaptersPaths></RunConfiguration><LoggerRunSettings><Loggers><Logger friendlyName="blame" enabled="True" /><Logger friendlyName="Console" uri="logger://microsoft/TestPlatform/ConsoleLogger/v1" assemblyQualifiedName="Microsoft.VisualStudio.TestPlatform.CommandLine.Internal.ConsoleLogger, vstest.console, Version=15.0.0.0, Culture=neutral, PublicKeyToken=b03f5f7f11d50a3a" codeBase="C:\Program Files\dotnet\sdk\6.0.203\vstest.console.dll" enabled="True" /></Loggers></LoggerRunSettings><DataCollectionRunSettings><DataCollectors><DataCollector friendlyName="blame" enabled="True"><Configuration><ResultsDirectory>C:\Users\Viliyan Ivanov\Documents\exercises-2021\Viliyan\FinalProject\AirportWebApplication\AirportWebApplication.Tests\bin\Debug\net5.0\fine-code-coverage\coverage-tool-output</ResultsDirectory></Configuration></DataCollector></DataCollectors></DataCollectionRunSettings></RunSettings> and sources System.Linq.Enumerable+Concat2Iterator`1[System.String]: 
TpTrace Verbose: 0 : 14624, 5, 2022/07/03, 11:39:22.872, 1731551577300, vstest.console.dll, DataCollectionRequestSender.SendBeforeTestRunStartAndGetResult : Received message: (DataCollection.SendMessage) -> {
  "FriendlyName": null,
  "Uri": null,
  "TestCaseId": "00000000-0000-0000-0000-000000000000",
  "Message": "Logging DataCollector Diagnostics in file: C:\\Users\\Viliyan Ivanov\\Documents\\exercises-2021\\Viliyan\\FinalProject\\AirportWebApplication\\AirportWebApplication.Tests\\bin\\Debug\\net5.0\\fine-code-coverage\\coverage-tool-output\\diagnostics.datacollector.22-07-03_11-39-22_70026_5.log",
  "Level": 0
}
TpTrace Verbose: 0 : 14624, 5, 2022/07/03, 11:39:22.932, 1731552177451, vstest.console.dll, DataCollectionRequestSender.SendBeforeTestRunStartAndGetResult : Received message: (DataCollection.BeforeTestRunStartResult) -> {
  "EnvironmentVariables": {},
  "DataCollectionEventsPort": 52658
}
TpTrace Information: 0 : 14624, 5, 2022/07/03, 11:39:22.937, 1731552226880, vstest.console.dll, ProxyDataCollectionManager.BeforeTestRunStart: SendBeforeTestRunStartAndGetResult successful, env variable from datacollector:   and testhost port: 52658
TpTrace Information: 0 : 14624, 5, 2022/07/03, 11:39:22.938, 1731552227779, vstest.console.dll, ProxyDataCollectionManager.InvokeDataCollectionServiceAction: Completed.
TpTrace Verbose: 0 : 14624, 1, 2022/07/03, 11:39:22.938, 1731552229248, vstest.console.dll, TestRunRequest.ExecuteAsync: Creating test run request.
TpTrace Verbose: 0 : 14624, 1, 2022/07/03, 11:39:22.938, 1731552231498, vstest.console.dll, TestRunRequest.ExecuteAsync: Starting.
TpTrace Information: 0 : 14624, 1, 2022/07/03, 11:39:22.938, 1731552234237, vstest.console.dll, TestRunRequest.ExecuteAsync: Starting run with settings:TestRunCriteria:
   KeepAlive=False,FrequencyOfRunStatsChangeEvent=10,RunStatsChangeEventTimeout=00:00:01.5000000,TestCaseFilter=,TestExecutorLauncher=
   Settingsxml=<RunSettings>
  <RunConfiguration>
    <ResultsDirectory>C:\Users\Viliyan Ivanov\Documents\exercises-2021\Viliyan\FinalProject\AirportWebApplication\AirportWebApplication.Tests\bin\Debug\net5.0\fine-code-coverage\coverage-tool-output</ResultsDirectory>
    <TargetPlatform>X64</TargetPlatform>
    <TargetFrameworkVersion>.NETCoreApp,Version=v5.0</TargetFrameworkVersion>
    <DesignMode>False</DesignMode>
    <CollectSourceInformation>False</CollectSourceInformation>
  </RunConfiguration>
  <LoggerRunSettings>
    <Loggers>
      <Logger friendlyName="blame" enabled="True" />
      <Logger friendlyName="Console" uri="logger://microsoft/TestPlatform/ConsoleLogger/v1" assemblyQualifiedName="Microsoft.VisualStudio.TestPlatform.CommandLine.Internal.ConsoleLogger, vstest.console, Version=15.0.0.0, Culture=neutral, PublicKeyToken=b03f5f7f11d50a3a" codeBase="C:\Program Files\dotnet\sdk\6.0.203\vstest.console.dll" enabled="True" />
    </Loggers>
  </LoggerRunSettings>
  <DataCollectionRunSettings>
    <DataCollectors>
      <DataCollector friendlyName="blame" enabled="True">
        <Configuration>
          <ResultsDirectory>C:\Users\Viliyan Ivanov\Documents\exercises-2021\Viliyan\FinalProject\AirportWebApplication\AirportWebApplication.Tests\bin\Debug\net5.0\fine-code-coverage\coverage-tool-output</ResultsDirectory>
        </Configuration>
      </DataCollector>
    </DataCollectors>
  </DataCollectionRunSettings>
</RunSettings>

TpTrace Verbose: 0 : 14624, 1, 2022/07/03, 11:39:22.938, 1731552234765, vstest.console.dll, TestRunRequest.ExecuteAsync: Wait for the first run request is over.
TpTrace Verbose: 0 : 14624, 1, 2022/07/03, 11:39:22.939, 1731552238655, vstest.console.dll, ParallelProxyExecutionManager: Start execution. Total sources: 1
TpTrace Information: 0 : 14624, 1, 2022/07/03, 11:39:22.939, 1731552243468, vstest.console.dll, ProxyParallelExecutionManager: Triggering test run for next source: C:\Users\Viliyan Ivanov\Documents\exercises-2021\Viliyan\FinalProject\AirportWebApplication\AirportWebApplication.Tests\bin\Debug\net5.0\fine-code-coverage\build-output\AirportWebApplication.Tests.dll
TpTrace Verbose: 0 : 14624, 5, 2022/07/03, 11:39:22.939, 1731552244944, vstest.console.dll, ParallelProxyExecutionManager: Execution started. Started clients: 1
TpTrace Verbose: 0 : 14624, 1, 2022/07/03, 11:39:22.939, 1731552245533, vstest.console.dll, ProxyParallelExecutionManager: No sources available for execution.
TpTrace Information: 0 : 14624, 1, 2022/07/03, 11:39:22.939, 1731552245976, vstest.console.dll, TestRunRequest.ExecuteAsync: Started.
TpTrace Verbose: 0 : 14624, 1, 2022/07/03, 11:39:22.939, 1731552246647, vstest.console.dll, TestRunRequest.WaitForCompletion: Waiting with timeout -1.
TpTrace Verbose: 0 : 14624, 5, 2022/07/03, 11:39:22.940, 1731552247631, vstest.console.dll, TestRunRequest:SendTestRunMessage: Starting.
TpTrace Information: 0 : 14624, 5, 2022/07/03, 11:39:22.940, 1731552248585, vstest.console.dll, TestRunRequest:SendTestRunMessage: Completed.
TpTrace Verbose: 0 : 14624, 5, 2022/07/03, 11:39:22.940, 1731552250513, vstest.console.dll, ProxyExecutionManager: Test host is always Lazy initialize.
TpTrace Verbose: 0 : 14624, 5, 2022/07/03, 11:39:22.940, 1731552252898, vstest.console.dll, TestRequestSender.InitializeCommunication: initialize communication. 
TpTrace Information: 0 : 14624, 5, 2022/07/03, 11:39:22.940, 1731552257236, vstest.console.dll, SocketServer.Start: Listening on endpoint : 127.0.0.1:52659
TpTrace Verbose: 0 : 14624, 5, 2022/07/03, 11:39:22.941, 1731552262725, vstest.console.dll, DotnetTestHostmanager.GetTestHostProcessStartInfo: Platform environment 'X64' target architecture 'X64' framework '.NETCoreApp,Version=v5.0' OS 'Windows'
TpTrace Verbose: 0 : 14624, 5, 2022/07/03, 11:39:22.941, 1731552264372, vstest.console.dll, DotnetTestHostmanager: Adding  --runtimeconfig "C:\Users\Viliyan Ivanov\Documents\exercises-2021\Viliyan\FinalProject\AirportWebApplication\AirportWebApplication.Tests\bin\Debug\net5.0\fine-code-coverage\build-output\AirportWebApplication.Tests.runtimeconfig.json" in args
TpTrace Verbose: 0 : 14624, 5, 2022/07/03, 11:39:22.941, 1731552265236, vstest.console.dll, DotnetTestHostmanager: Adding  --depsfile "C:\Users\Viliyan Ivanov\Documents\exercises-2021\Viliyan\FinalProject\AirportWebApplication\AirportWebApplication.Tests\bin\Debug\net5.0\fine-code-coverage\build-output\AirportWebApplication.Tests.deps.json" in args
TpTrace Verbose: 0 : 14624, 5, 2022/07/03, 11:39:22.943, 1731552279686, vstest.console.dll, DotnetTestHostmanager.IsWinOnArm: Current PROCESSOR_ARCHITECTURE from registry 'AMD64'
TpTrace Verbose: 0 : 14624, 5, 2022/07/03, 11:39:22.943, 1731552280544, vstest.console.dll, DotnetTestHostmanager.IsWinOnArm: Is Windows on ARM 'False'
TpTrace Verbose: 0 : 14624, 5, 2022/07/03, 11:39:22.943, 1731552281678, vstest.console.dll, DotnetTestHostManager: testhost.exe found at path: C:\Users\Viliyan Ivanov\Documents\exercises-2021\Viliyan\FinalProject\AirportWebApplication\AirportWebApplication.Tests\bin\Debug\net5.0\fine-code-coverage\build-output\testhost.exe
TpTrace Verbose: 0 : 14624, 5, 2022/07/03, 11:39:22.943, 1731552282083, vstest.console.dll, DotnetTestHostmanager: Full path of host exe is C:\Users\Viliyan Ivanov\Documents\exercises-2021\Viliyan\FinalProject\AirportWebApplication\AirportWebApplication.Tests\bin\Debug\net5.0\fine-code-coverage\build-output\testhost.exe
TpTrace Verbose: 0 : 14624, 5, 2022/07/03, 11:39:22.943, 1731552283149, vstest.console.dll, DotnetTestHostmanager.LaunchTestHostAsync: Found 'VSTEST_WINAPPHOST_DOTNET_ROOT' in env variables, value 'C:\Program Files\dotnet'
TpTrace Verbose: 0 : 14624, 7, 2022/07/03, 11:39:22.944, 1731552289616, vstest.console.dll, DotnetTestHostManager: Starting process 'C:\Users\Viliyan Ivanov\Documents\exercises-2021\Viliyan\FinalProject\AirportWebApplication\AirportWebApplication.Tests\bin\Debug\net5.0\fine-code-coverage\build-output\testhost.exe' with command line ' --runtimeconfig "C:\Users\Viliyan Ivanov\Documents\exercises-2021\Viliyan\FinalProject\AirportWebApplication\AirportWebApplication.Tests\bin\Debug\net5.0\fine-code-coverage\build-output\AirportWebApplication.Tests.runtimeconfig.json" --depsfile "C:\Users\Viliyan Ivanov\Documents\exercises-2021\Viliyan\FinalProject\AirportWebApplication\AirportWebApplication.Tests\bin\Debug\net5.0\fine-code-coverage\build-output\AirportWebApplication.Tests.deps.json" --port 52659 --endpoint 127.0.0.1:052659 --role client --parentprocessid 14624 --diag "C:\Users\Viliyan Ivanov\Documents\exercises-2021\Viliyan\FinalProject\AirportWebApplication\AirportWebApplication.Tests\bin\Debug\net5.0\fine-code-coverage\coverage-tool-output\diagnostics.host.22-07-03_11-39-22_94121_5.log" --tracelevel 4 --datacollectionport 52658 --telemetryoptedin false'
TpTrace Verbose: 0 : 14624, 7, 2022/07/03, 11:39:22.948, 1731552329290, vstest.console.dll, Test Runtime launched
TpTrace Verbose: 0 : 14624, 5, 2022/07/03, 11:39:22.948, 1731552335153, vstest.console.dll, TestRequestSender.WaitForRequestHandlerConnection: waiting for connection with timeout: 90000
TpTrace Verbose: 0 : 14624, 7, 2022/07/03, 11:39:23.122, 1731554070359, vstest.console.dll, SocketServer.OnClientConnected: Client connected for endPoint: 127.0.0.1:52659, starting MessageLoopAsync:
TpTrace Verbose: 0 : 14624, 7, 2022/07/03, 11:39:23.122, 1731554073569, vstest.console.dll, TcpClientExtensions.MessageLoopAsync: Polling on remoteEndPoint: 127.0.0.1:52660 localEndPoint: 127.0.0.1:52659
TpTrace Verbose: 0 : 14624, 5, 2022/07/03, 11:39:23.125, 1731554102835, vstest.console.dll, TestRequestSender.CheckVersionWithTestHost: Sending check version message: {"MessageType":"ProtocolVersion","Payload":5}
TpTrace Verbose: 0 : 14624, 7, 2022/07/03, 11:39:23.238, 1731555231553, vstest.console.dll, TcpClientExtensions.MessageLoopAsync: NotifyDataAvailable remoteEndPoint: 127.0.0.1:52660 localEndPoint: 127.0.0.1:52659
TpTrace Verbose: 0 : 14624, 7, 2022/07/03, 11:39:23.238, 1731555233763, vstest.console.dll, TestRequestSender.CheckVersionWithTestHost: onMessageReceived received message: (ProtocolVersion) -> 5
TpTrace Verbose: 0 : 14624, 7, 2022/07/03, 11:39:23.238, 1731555237281, vstest.console.dll, TcpClientExtensions.MessageLoopAsync: Polling on remoteEndPoint: 127.0.0.1:52660 localEndPoint: 127.0.0.1:52659
TpTrace Verbose: 0 : 14624, 5, 2022/07/03, 11:39:23.239, 1731555237989, vstest.console.dll, TestPluginCache.GetExtensionPaths: Filtered extension paths: 
TpTrace Verbose: 0 : 14624, 5, 2022/07/03, 11:39:23.239, 1731555238486, vstest.console.dll, TestPluginCache.GetExtensionPaths: Added default extension paths: C:\Program Files\dotnet\sdk\6.0.203\Extensions\DumpMinitool.exe
C:\Program Files\dotnet\sdk\6.0.203\Extensions\DumpMinitool.x86.exe
C:\Program Files\dotnet\sdk\6.0.203\Extensions\Microsoft.Diagnostics.NETCore.Client.dll
C:\Program Files\dotnet\sdk\6.0.203\Extensions\Microsoft.TestPlatform.Extensions.BlameDataCollector.dll
C:\Program Files\dotnet\sdk\6.0.203\Extensions\Microsoft.TestPlatform.Extensions.EventLogCollector.dll
C:\Program Files\dotnet\sdk\6.0.203\Extensions\Microsoft.TestPlatform.TestHostRuntimeProvider.dll
C:\Program Files\dotnet\sdk\6.0.203\Extensions\Microsoft.VisualStudio.TestPlatform.Extensions.Html.TestLogger.dll
C:\Program Files\dotnet\sdk\6.0.203\Extensions\Microsoft.VisualStudio.TestPlatform.Extensions.Trx.TestLogger.dll
TpTrace Verbose: 0 : 14624, 5, 2022/07/03, 11:39:23.239, 1731555239013, vstest.console.dll, TestPluginCache.GetExtensionPaths: Added unfilterableExtensionPaths: 
TpTrace Verbose: 0 : 14624, 5, 2022/07/03, 11:39:23.241, 1731555264068, vstest.console.dll, TestRequestSender.InitializeExecution: Sending initialize execution with message: {"Version":5,"MessageType":"TestExecution.Initialize","Payload":["C:\\Users\\Viliyan Ivanov\\Documents\\exercises-2021\\Viliyan\\FinalProject\\AirportWebApplication\\AirportWebApplication.Tests\\bin\\Debug\\net5.0\\fine-code-coverage\\build-output\\NUnit3.TestAdapter.dll"]}
TpTrace Warning: 0 : 14624, 5, 2022/07/03, 11:39:23.241, 1731555267148, vstest.console.dll, InferRunSettingsHelper.MakeRunsettingsCompatible: Removing the following settings: TargetPlatform from RunSettings file. To use those settings please move to latest version of Microsoft.NET.Test.Sdk
TpTrace Verbose: 0 : 14624, 7, 2022/07/03, 11:39:23.247, 1731555325536, vstest.console.dll, TcpClientExtensions.MessageLoopAsync: NotifyDataAvailable remoteEndPoint: 127.0.0.1:52660 localEndPoint: 127.0.0.1:52659
TpTrace Verbose: 0 : 14624, 7, 2022/07/03, 11:39:23.247, 1731555326932, vstest.console.dll, TestRequestSender.OnExecutionMessageReceived: Received message: {"Version":5,"MessageType":"TestSession.Message","Payload":{"MessageLevel":0,"Message":"Logging TestHost Diagnostics in file: C:\\Users\\Viliyan Ivanov\\Documents\\exercises-2021\\Viliyan\\FinalProject\\AirportWebApplication\\AirportWebApplication.Tests\\bin\\Debug\\net5.0\\fine-code-coverage\\coverage-tool-output\\diagnostics.host.22-07-03_11-39-22_94121_5.log"}}
TpTrace Verbose: 0 : 14624, 7, 2022/07/03, 11:39:23.249, 1731555341640, vstest.console.dll, TestRunRequest:SendTestRunMessage: Starting.
TpTrace Information: 0 : 14624, 7, 2022/07/03, 11:39:23.249, 1731555342470, vstest.console.dll, TestRunRequest:SendTestRunMessage: Completed.
TpTrace Verbose: 0 : 14624, 7, 2022/07/03, 11:39:23.249, 1731555343116, vstest.console.dll, TcpClientExtensions.MessageLoopAsync: Polling on remoteEndPoint: 127.0.0.1:52660 localEndPoint: 127.0.0.1:52659
TpTrace Verbose: 0 : 14624, 5, 2022/07/03, 11:39:23.251, 1731555359234, vstest.console.dll, TestRequestSender.StartTestRun: Sending test run with message: {"Version":5,"MessageType":"TestExecution.StartWithSources","Payload":{"AdapterSourceMap":{"_none_":["C:\\Users\\Viliyan Ivanov\\Documents\\exercises-2021\\Viliyan\\FinalProject\\AirportWebApplication\\AirportWebApplication.Tests\\bin\\Debug\\net5.0\\fine-code-coverage\\build-output\\AirportWebApplication.Tests.dll"]},"RunSettings":"<RunSettings>\r\n  <RunConfiguration>\r\n    <ResultsDirectory>C:\\Users\\Viliyan Ivanov\\Documents\\exercises-2021\\Viliyan\\FinalProject\\AirportWebApplication\\AirportWebApplication.Tests\\bin\\Debug\\net5.0\\fine-code-coverage\\coverage-tool-output</ResultsDirectory>\r\n    <TargetFrameworkVersion>.NETCoreApp,Version=v5.0</TargetFrameworkVersion>\r\n    <DesignMode>False</DesignMode>\r\n    <CollectSourceInformation>False</CollectSourceInformation>\r\n  </RunConfiguration>\r\n  <LoggerRunSettings>\r\n    <Loggers>\r\n      <Logger friendlyName=\"blame\" enabled=\"True\" />\r\n      <Logger friendlyName=\"Console\" uri=\"logger://microsoft/TestPlatform/ConsoleLogger/v1\" assemblyQualifiedName=\"Microsoft.VisualStudio.TestPlatform.CommandLine.Internal.ConsoleLogger, vstest.console, Version=15.0.0.0, Culture=neutral, PublicKeyToken=b03f5f7f11d50a3a\" codeBase=\"C:\\Program Files\\dotnet\\sdk\\6.0.203\\vstest.console.dll\" enabled=\"True\" />\r\n    </Loggers>\r\n  </LoggerRunSettings>\r\n  <DataCollectionRunSettings>\r\n    <DataCollectors>\r\n      <DataCollector friendlyName=\"blame\" enabled=\"True\">\r\n        <Configuration>\r\n          <ResultsDirectory>C:\\Users\\Viliyan Ivanov\\Documents\\exercises-2021\\Viliyan\\FinalProject\\AirportWebApplication\\AirportWebApplication.Tests\\bin\\Debug\\net5.0\\fine-code-coverage\\coverage-tool-output</ResultsDirectory>\r\n        </Configuration>\r\n      </DataCollector>\r\n    </DataCollectors>\r\n  </DataCollectionRunSettings>\r\n</RunSettings>","TestExecutionContext":{"FrequencyOfRunStatsChangeEvent":10,"RunStatsChangeEventTimeout":"00:00:01.5000000","InIsolation":false,"KeepAlive":false,"AreTestCaseLevelEventsRequired":false,"IsDebug":false,"TestCaseFilter":null,"FilterOptions":null},"Package":null}}
TpTrace Verbose: 0 : 14624, 7, 2022/07/03, 11:39:23.367, 1731556525793, vstest.console.dll, TcpClientExtensions.MessageLoopAsync: NotifyDataAvailable remoteEndPoint: 127.0.0.1:52660 localEndPoint: 127.0.0.1:52659
TpTrace Verbose: 0 : 14624, 7, 2022/07/03, 11:39:23.367, 1731556527215, vstest.console.dll, TestRequestSender.OnExecutionMessageReceived: Received message: {"Version":5,"MessageType":"TestSession.Message","Payload":{"MessageLevel":0,"Message":"NUnit Adapter 3.17.0.0: Test execution started"}}
TpTrace Verbose: 0 : 14624, 7, 2022/07/03, 11:39:23.368, 1731556529734, vstest.console.dll, TestRunRequest:SendTestRunMessage: Starting.
TpTrace Information: 0 : 14624, 7, 2022/07/03, 11:39:23.368, 1731556530498, vstest.console.dll, TestRunRequest:SendTestRunMessage: Completed.
TpTrace Verbose: 0 : 14624, 7, 2022/07/03, 11:39:23.368, 1731556531283, vstest.console.dll, TcpClientExtensions.MessageLoopAsync: Polling on remoteEndPoint: 127.0.0.1:52660 localEndPoint: 127.0.0.1:52659
TpTrace Verbose: 0 : 14624, 7, 2022/07/03, 11:39:23.396, 1731556816739, vstest.console.dll, TcpClientExtensions.MessageLoopAsync: NotifyDataAvailable remoteEndPoint: 127.0.0.1:52660 localEndPoint: 127.0.0.1:52659
TpTrace Verbose: 0 : 14624, 7, 2022/07/03, 11:39:23.397, 1731556818226, vstest.console.dll, TestRequestSender.OnExecutionMessageReceived: Received message: {"Version":5,"MessageType":"TestSession.Message","Payload":{"MessageLevel":0,"Message":"Running all tests in C:\\Users\\Viliyan Ivanov\\Documents\\exercises-2021\\Viliyan\\FinalProject\\AirportWebApplication\\AirportWebApplication.Tests\\bin\\Debug\\net5.0\\fine-code-coverage\\build-output\\AirportWebApplication.Tests.dll"}}
TpTrace Verbose: 0 : 14624, 7, 2022/07/03, 11:39:23.397, 1731556820145, vstest.console.dll, TestRunRequest:SendTestRunMessage: Starting.
TpTrace Information: 0 : 14624, 7, 2022/07/03, 11:39:23.397, 1731556821521, vstest.console.dll, TestRunRequest:SendTestRunMessage: Completed.
TpTrace Verbose: 0 : 14624, 7, 2022/07/03, 11:39:23.397, 1731556821966, vstest.console.dll, TcpClientExtensions.MessageLoopAsync: Polling on remoteEndPoint: 127.0.0.1:52660 localEndPoint: 127.0.0.1:52659
TpTrace Verbose: 0 : 14624, 7, 2022/07/03, 11:39:23.503, 1731557883325, vstest.console.dll, TcpClientExtensions.MessageLoopAsync: NotifyDataAvailable remoteEndPoint: 127.0.0.1:52660 localEndPoint: 127.0.0.1:52659
TpTrace Verbose: 0 : 14624, 7, 2022/07/03, 11:39:23.503, 1731557884818, vstest.console.dll, TestRequestSender.OnExecutionMessageReceived: Received message: {"Version":5,"MessageType":"TestSession.Message","Payload":{"MessageLevel":0,"Message":"   NUnit3TestExecutor discovered 14 of 14 NUnit test cases"}}
TpTrace Verbose: 0 : 14624, 7, 2022/07/03, 11:39:23.504, 1731557887842, vstest.console.dll, TestRunRequest:SendTestRunMessage: Starting.
TpTrace Information: 0 : 14624, 7, 2022/07/03, 11:39:23.504, 1731557888522, vstest.console.dll, TestRunRequest:SendTestRunMessage: Completed.
TpTrace Verbose: 0 : 14624, 7, 2022/07/03, 11:39:23.504, 1731557889182, vstest.console.dll, TcpClientExtensions.MessageLoopAsync: Polling on remoteEndPoint: 127.0.0.1:52660 localEndPoint: 127.0.0.1:52659
TpTrace Verbose: 0 : 14624, 7, 2022/07/03, 11:39:24.290, 1731565748037, vstest.console.dll, TcpClientExtensions.MessageLoopAsync: NotifyDataAvailable remoteEndPoint: 127.0.0.1:52660 localEndPoint: 127.0.0.1:52659
TpTrace Verbose: 0 : 14624, 7, 2022/07/03, 11:39:24.290, 1731565750648, vstest.console.dll, TestRequestSender.OnExecutionMessageReceived: Received message: {"Version":5,"MessageType":"TestExecution.StatsChange","Payload":{"NewTestResults":[{"TestCase":{"Id":"0407ea60-9c25-dfc6-d047-74ede872a019","FullyQualifiedName":"AirportTask.Test.Controllers.AirlineControllerTest.AddAirlineRedirects","DisplayName":"AddAirlineRedirects","ExecutorUri":"executor://NUnit3TestExecutor","Source":"C:\\Users\\Viliyan Ivanov\\Documents\\exercises-2021\\Viliyan\\FinalProject\\AirportWebApplication\\AirportWebApplication.Tests\\bin\\Debug\\net5.0\\fine-code-coverage\\build-output\\AirportWebApplication.Tests.dll","CodeFilePath":null,"LineNumber":0,"Properties":[]},"Attachments":[],"Outcome":1,"ErrorMessage":null,"ErrorStackTrace":null,"DisplayName":"AddAirlineRedirects","Messages":[],"ComputerName":"VDIVANOV-DUAL","Duration":"00:00:00.1057140","StartTime":"2022-07-03T08:39:23.5273287+00:00","EndTime":"2022-07-03T08:39:23.6330157+00:00","Properties":[]},{"TestCase":{"Id":"7aed8e95-7173-42be-fc55-48f09ac06a87","FullyQualifiedName":"AirportTask.Test.Controllers.AirlineControllerTest.ViewAirlinesReturnsView","DisplayName":"ViewAirlinesReturnsView","ExecutorUri":"executor://NUnit3TestExecutor","Source":"C:\\Users\\Viliyan Ivanov\\Documents\\exercises-2021\\Viliyan\\FinalProject\\AirportWebApplication\\AirportWebApplication.Tests\\bin\\Debug\\net5.0\\fine-code-coverage\\build-output\\AirportWebApplication.Tests.dll","CodeFilePath":null,"LineNumber":0,"Properties":[]},"Attachments":[],"Outcome":1,"ErrorMessage":null,"ErrorStackTrace":null,"DisplayName":"ViewAirlinesReturnsView","Messages":[],"ComputerName":"VDIVANOV-DUAL","Duration":"00:00:00.5510080","StartTime":"2022-07-03T08:39:23.6346292+00:00","EndTime":"2022-07-03T08:39:24.1856286+00:00","Properties":[]},{"TestCase":{"Id":"c4a324ee-c4d8-e99e-519f-9f28fa8879c2","FullyQualifiedName":"AirportTask.Test.Controllers.AirportControllerTest.AddAirportRedirect","DisplayName":"AddAirportRedirect","ExecutorUri":"executor://NUnit3TestExecutor","Source":"C:\\Users\\Viliyan Ivanov\\Documents\\exercises-2021\\Viliyan\\FinalProject\\AirportWebApplication\\AirportWebApplication.Tests\\bin\\Debug\\net5.0\\fine-code-coverage\\build-output\\AirportWebApplication.Tests.dll","CodeFilePath":null,"LineNumber":0,"Properties":[]},"Attachments":[],"Outcome":1,"ErrorMessage":null,"ErrorStackTrace":null,"DisplayName":"AddAirportRedirect","Messages":[],"ComputerName":"VDIVANOV-DUAL","Duration":"00:00:00.0050460","StartTime":"2022-07-03T08:39:24.1877716+00:00","EndTime":"2022-07-03T08:39:24.1928171+00:00","Properties":[]},{"TestCase":{"Id":"df9acf2d-a744-8d2c-e463-a0e82847a5d0","FullyQualifiedName":"AirportTask.Test.Controllers.AirportControllerTest.CreateShouldReturnView","DisplayName":"CreateShouldReturnView","ExecutorUri":"executor://NUnit3TestExecutor","Source":"C:\\Users\\Viliyan Ivanov\\Documents\\exercises-2021\\Viliyan\\FinalProject\\AirportWebApplication\\AirportWebApplication.Tests\\bin\\Debug\\net5.0\\fine-code-coverage\\build-output\\AirportWebApplication.Tests.dll","CodeFilePath":null,"LineNumber":0,"Properties":[]},"Attachments":[],"Outcome":1,"ErrorMessage":null,"ErrorStackTrace":null,"DisplayName":"CreateShouldReturnView","Messages":[],"ComputerName":"VDIVANOV-DUAL","Duration":"00:00:00.0026909","StartTime":"2022-07-03T08:39:24.1928496+00:00","EndTime":"2022-07-03T08:39:24.1955407+00:00","Properties":[]},{"TestCase":{"Id":"7a222faa-90ea-8bdf-2883-db4f75f3822e","FullyQualifiedName":"AirportTask.Test.Controllers.AirportControllerTest.ViewAirportsReturnsView","DisplayName":"ViewAirportsReturnsView","ExecutorUri":"executor://NUnit3TestExecutor","Source":"C:\\Users\\Viliyan Ivanov\\Documents\\exercises-2021\\Viliyan\\FinalProject\\AirportWebApplication\\AirportWebApplication.Tests\\bin\\Debug\\net5.0\\fine-code-coverage\\build-output\\AirportWebApplication.Tests.dll","CodeFilePath":null,"LineNumber":0,"Properties":[]},"Attachments":[],"Outcome":1,"ErrorMessage":null,"ErrorStackTrace":null,"DisplayName":"ViewAirportsReturnsView","Messages":[],"ComputerName":"VDIVANOV-DUAL","Duration":"00:00:00.0305790","StartTime":"2022-07-03T08:39:24.1955562+00:00","EndTime":"2022-07-03T08:39:24.2261344+00:00","Properties":[]},{"TestCase":{"Id":"77fcb044-c8f9-45cf-1750-4fb882524af1","FullyQualifiedName":"AirportWebApplication.Tests.Services.AirlineServiceTests.AddAirlineAlreadyExists","DisplayName":"AddAirlineAlreadyExists","ExecutorUri":"executor://NUnit3TestExecutor","Source":"C:\\Users\\Viliyan Ivanov\\Documents\\exercises-2021\\Viliyan\\FinalProject\\AirportWebApplication\\AirportWebApplication.Tests\\bin\\Debug\\net5.0\\fine-code-coverage\\build-output\\AirportWebApplication.Tests.dll","CodeFilePath":null,"LineNumber":0,"Properties":[]},"Attachments":[],"Outcome":1,"ErrorMessage":null,"ErrorStackTrace":null,"DisplayName":"AddAirlineAlreadyExists","Messages":[],"ComputerName":"VDIVANOV-DUAL","Duration":"00:00:00.0235960","StartTime":"2022-07-03T08:39:24.2262835+00:00","EndTime":"2022-07-03T08:39:24.2498786+00:00","Properties":[]},{"TestCase":{"Id":"ed17a76d-b76f-8c2a-2039-c738c6d5a88b","FullyQualifiedName":"AirportWebApplication.Tests.Services.AirlineServiceTests.AddAirlineInvalidName","DisplayName":"AddAirlineInvalidName","ExecutorUri":"executor://NUnit3TestExecutor","Source":"C:\\Users\\Viliyan Ivanov\\Documents\\exercises-2021\\Viliyan\\FinalProject\\AirportWebApplication\\AirportWebApplication.Tests\\bin\\Debug\\net5.0\\fine-code-coverage\\build-output\\AirportWebApplication.Tests.dll","CodeFilePath":null,"LineNumber":0,"Properties":[]},"Attachments":[],"Outcome":1,"ErrorMessage":null,"ErrorStackTrace":null,"DisplayName":"AddAirlineInvalidName","Messages":[],"ComputerName":"VDIVANOV-DUAL","Duration":"00:00:00.0005850","StartTime":"2022-07-03T08:39:24.2499056+00:00","EndTime":"2022-07-03T08:39:24.2504908+00:00","Properties":[]},{"TestCase":{"Id":"b8990959-1529-2dd0-fb47-2f43c8deee57","FullyQualifiedName":"AirportWebApplication.Tests.Services.AirlineServiceTests.AddAirlineWorks","DisplayName":"AddAirlineWorks","ExecutorUri":"executor://NUnit3TestExecutor","Source":"C:\\Users\\Viliyan Ivanov\\Documents\\exercises-2021\\Viliyan\\FinalProject\\AirportWebApplication\\AirportWebApplication.Tests\\bin\\Debug\\net5.0\\fine-code-coverage\\build-output\\AirportWebApplication.Tests.dll","CodeFilePath":null,"LineNumber":0,"Properties":[]},"Attachments":[],"Outcome":1,"ErrorMessage":null,"ErrorStackTrace":null,"DisplayName":"AddAirlineWorks","Messages":[],"ComputerName":"VDIVANOV-DUAL","Duration":"00:00:00.0083890","StartTime":"2022-07-03T08:39:24.2505009+00:00","EndTime":"2022-07-03T08:39:24.2588894+00:00","Properties":[]},{"TestCase":{"Id":"2e0fc925-4457-8bf9-dc46-40ef9084c935","FullyQualifiedName":"AirportWebApplication.Tests.Services.AirlineServiceTests.ViewAirlinesWorks","DisplayName":"ViewAirlinesWorks","ExecutorUri":"executor://NUnit3TestExecutor","Source":"C:\\Users\\Viliyan Ivanov\\Documents\\exercises-2021\\Viliyan\\FinalProject\\AirportWebApplication\\AirportWebApplication.Tests\\bin\\Debug\\net5.0\\fine-code-coverage\\build-output\\AirportWebApplication.Tests.dll","CodeFilePath":null,"LineNumber":0,"Properties":[]},"Attachments":[],"Outcome":1,"ErrorMessage":null,"ErrorStackTrace":null,"DisplayName":"ViewAirlinesWorks","Messages":[],"ComputerName":"VDIVANOV-DUAL","Duration":"00:00:00.0028290","StartTime":"2022-07-03T08:39:24.2589081+00:00","EndTime":"2022-07-03T08:39:24.2617368+00:00","Properties":[]}],"TestRunStatistics":{"ExecutedTests":9,"Stats":{"Passed":9}},"ActiveTests":[{"Id":"3b8c3f1b-336b-193f-0a22-e0ce24e74e2c","FullyQualifiedName":"AirportWebApplication.Tests.Services.AirportServiceTests.AddAirportAlreadyExists","DisplayName":"AddAirportAlreadyExists","ExecutorUri":"executor://NUnit3TestExecutor","Source":"C:\\Users\\Viliyan Ivanov\\Documents\\exercises-2021\\Viliyan\\FinalProject\\AirportWebApplication\\AirportWebApplication.Tests\\bin\\Debug\\net5.0\\fine-code-coverage\\build-output\\AirportWebApplication.Tests.dll","CodeFilePath":null,"LineNumber":0,"Properties":[]}]}}
TpTrace Verbose: 0 : 14624, 7, 2022/07/03, 11:39:24.309, 1731565947706, vstest.console.dll, TestRunRequest:SendTestRunStatsChange: Starting.
TpTrace Verbose: 0 : 14624, 7, 2022/07/03, 11:39:24.310, 1731565949373, vstest.console.dll, InProgress is AddAirportAlreadyExists
TpTrace Information: 0 : 14624, 7, 2022/07/03, 11:39:24.310, 1731565951204, vstest.console.dll, TestRunRequest:SendTestRunStatsChange: Completed.
TpTrace Verbose: 0 : 14624, 7, 2022/07/03, 11:39:24.310, 1731565951700, vstest.console.dll, TcpClientExtensions.MessageLoopAsync: Polling on remoteEndPoint: 127.0.0.1:52660 localEndPoint: 127.0.0.1:52659
TpTrace Verbose: 0 : 14624, 7, 2022/07/03, 11:39:24.319, 1731566043357, vstest.console.dll, TcpClientExtensions.MessageLoopAsync: NotifyDataAvailable remoteEndPoint: 127.0.0.1:52660 localEndPoint: 127.0.0.1:52659
TpTrace Verbose: 0 : 14624, 7, 2022/07/03, 11:39:24.319, 1731566044502, vstest.console.dll, TestRequestSender.OnExecutionMessageReceived: Received message: {"Version":5,"MessageType":"TestSession.Message","Payload":{"MessageLevel":0,"Message":"NUnit Adapter 3.17.0.0: Test execution complete"}}
TpTrace Verbose: 0 : 14624, 7, 2022/07/03, 11:39:24.319, 1731566045934, vstest.console.dll, TestRunRequest:SendTestRunMessage: Starting.
TpTrace Information: 0 : 14624, 7, 2022/07/03, 11:39:24.319, 1731566046443, vstest.console.dll, TestRunRequest:SendTestRunMessage: Completed.
TpTrace Verbose: 0 : 14624, 7, 2022/07/03, 11:39:24.319, 1731566047243, vstest.console.dll, TcpClientExtensions.MessageLoopAsync: Polling on remoteEndPoint: 127.0.0.1:52660 localEndPoint: 127.0.0.1:52659
TpTrace Verbose: 0 : 14624, 7, 2022/07/03, 11:39:24.331, 1731566158526, vstest.console.dll, TcpClientExtensions.MessageLoopAsync: NotifyDataAvailable remoteEndPoint: 127.0.0.1:52660 localEndPoint: 127.0.0.1:52659
TpTrace Verbose: 0 : 14624, 7, 2022/07/03, 11:39:24.331, 1731566160831, vstest.console.dll, TestRequestSender.OnExecutionMessageReceived: Received message: {"Version":5,"MessageType":"TestExecution.Completed","Payload":{"TestRunCompleteArgs":{"TestRunStatistics":{"ExecutedTests":14,"Stats":{"Passed":13,"Failed":1}},"IsCanceled":false,"IsAborted":false,"Error":null,"AttachmentSets":[],"ElapsedTimeInRunningTests":"00:00:00.9704095","Metrics":{}},"LastRunTests":{"NewTestResults":[{"TestCase":{"Id":"3b8c3f1b-336b-193f-0a22-e0ce24e74e2c","FullyQualifiedName":"AirportWebApplication.Tests.Services.AirportServiceTests.AddAirportAlreadyExists","DisplayName":"AddAirportAlreadyExists","ExecutorUri":"executor://NUnit3TestExecutor","Source":"C:\\Users\\Viliyan Ivanov\\Documents\\exercises-2021\\Viliyan\\FinalProject\\AirportWebApplication\\AirportWebApplication.Tests\\bin\\Debug\\net5.0\\fine-code-coverage\\build-output\\AirportWebApplication.Tests.dll","CodeFilePath":null,"LineNumber":0,"Properties":[]},"Attachments":[],"Outcome":1,"ErrorMessage":null,"ErrorStackTrace":null,"DisplayName":"AddAirportAlreadyExists","Messages":[],"ComputerName":"VDIVANOV-DUAL","Duration":"00:00:00.0089300","StartTime":"2022-07-03T08:39:24.2618452+00:00","EndTime":"2022-07-03T08:39:24.2707751+00:00","Properties":[]},{"TestCase":{"Id":"108d0d15-3d44-341b-7c92-287d79a9916a","FullyQualifiedName":"AirportWebApplication.Tests.Services.AirportServiceTests.AddAirportIncorrectId","DisplayName":"AddAirportIncorrectId","ExecutorUri":"executor://NUnit3TestExecutor","Source":"C:\\Users\\Viliyan Ivanov\\Documents\\exercises-2021\\Viliyan\\FinalProject\\AirportWebApplication\\AirportWebApplication.Tests\\bin\\Debug\\net5.0\\fine-code-coverage\\build-output\\AirportWebApplication.Tests.dll","CodeFilePath":null,"LineNumber":0,"Properties":[]},"Attachments":[],"Outcome":1,"ErrorMessage":null,"ErrorStackTrace":null,"DisplayName":"AddAirportIncorrectId","Messages":[],"ComputerName":"VDIVANOV-DUAL","Duration":"00:00:00.0005120","StartTime":"2022-07-03T08:39:24.270791+00:00","EndTime":"2022-07-03T08:39:24.2713031+00:00","Properties":[]},{"TestCase":{"Id":"d370ef92-10a7-bcd4-7c9e-4ee2fb075943","FullyQualifiedName":"AirportWebApplication.Tests.Services.AirportServiceTests.AddAirportWorks","DisplayName":"AddAirportWorks","ExecutorUri":"executor://NUnit3TestExecutor","Source":"C:\\Users\\Viliyan Ivanov\\Documents\\exercises-2021\\Viliyan\\FinalProject\\AirportWebApplication\\AirportWebApplication.Tests\\bin\\Debug\\net5.0\\fine-code-coverage\\build-output\\AirportWebApplication.Tests.dll","CodeFilePath":null,"LineNumber":0,"Properties":[]},"Attachments":[],"Outcome":1,"ErrorMessage":null,"ErrorStackTrace":null,"DisplayName":"AddAirportWorks","Messages":[],"ComputerName":"VDIVANOV-DUAL","Duration":"00:00:00.0018170","StartTime":"2022-07-03T08:39:24.2713127+00:00","EndTime":"2022-07-03T08:39:24.2731294+00:00","Properties":[]},{"TestCase":{"Id":"761bae70-cb91-8d76-0640-289dc30540a0","FullyQualifiedName":"AirportWebApplication.Tests.Services.AirportServiceTests.ViewAirportsWorks","DisplayName":"ViewAirportsWorks","ExecutorUri":"executor://NUnit3TestExecutor","Source":"C:\\Users\\Viliyan Ivanov\\Documents\\exercises-2021\\Viliyan\\FinalProject\\AirportWebApplication\\AirportWebApplication.Tests\\bin\\Debug\\net5.0\\fine-code-coverage\\build-output\\AirportWebApplication.Tests.dll","CodeFilePath":null,"LineNumber":0,"Properties":[]},"Attachments":[],"Outcome":1,"ErrorMessage":null,"ErrorStackTrace":null,"DisplayName":"ViewAirportsWorks","Messages":[],"ComputerName":"VDIVANOV-DUAL","Duration":"00:00:00.0007490","StartTime":"2022-07-03T08:39:24.2731399+00:00","EndTime":"2022-07-03T08:39:24.2738888+00:00","Properties":[]},{"TestCase":{"Id":"3726bd17-5ee8-271b-1213-8ac97a22a642","FullyQualifiedName":"AirportWebApplication.Tests.Services.FlightServiceTests.AddFlightWorks","DisplayName":"AddFlightWorks","ExecutorUri":"executor://NUnit3TestExecutor","Source":"C:\\Users\\Viliyan Ivanov\\Documents\\exercises-2021\\Viliyan\\FinalProject\\AirportWebApplication\\AirportWebApplication.Tests\\bin\\Debug\\net5.0\\fine-code-coverage\\build-output\\AirportWebApplication.Tests.dll","CodeFilePath":null,"LineNumber":0,"Properties":[]},"Attachments":[],"Outcome":2,"ErrorMessage":"System.InvalidOperationException : An exception was thrown while attempting to evaluate a LINQ query parameter expression. See the inner exception for more information. To show additional information call 'DbContextOptionsBuilder.EnableSensitiveDataLogging'.\r\n  ----> System.InvalidOperationException : Sequence contains no elements","ErrorStackTrace":"   at Microsoft.EntityFrameworkCore.Query.Internal.ParameterExtractingExpressionVisitor.GetValue(Expression expression, String& parameterName)\r\n   at Microsoft.EntityFrameworkCore.Query.Internal.ParameterExtractingExpressionVisitor.GetValue(Expression expression, String& parameterName)\r\n   at Microsoft.EntityFrameworkCore.Query.Internal.ParameterExtractingExpressionVisitor.Evaluate(Expression expression, Boolean generateParameter)\r\n   at Microsoft.EntityFrameworkCore.Query.Internal.ParameterExtractingExpressionVisitor.Visit(Expression expression)\r\n   at System.Linq.Expressions.ExpressionVisitor.VisitBinary(BinaryExpression node)\r\n   at Microsoft.EntityFrameworkCore.Query.Internal.ParameterExtractingExpressionVisitor.VisitBinary(BinaryExpression binaryExpression)\r\n   at System.Linq.Expressions.BinaryExpression.Accept(ExpressionVisitor visitor)\r\n   at System.Linq.Expressions.ExpressionVisitor.Visit(Expression node)\r\n   at Microsoft.EntityFrameworkCore.Query.Internal.ParameterExtractingExpressionVisitor.Visit(Expression expression)\r\n   at System.Linq.Expressions.ExpressionVisitor.VisitLambda[T](Expression`1 node)\r\n   at System.Linq.Expressions.Expression`1.Accept(ExpressionVisitor visitor)\r\n   at System.Linq.Expressions.ExpressionVisitor.Visit(Expression node)\r\n   at Microsoft.EntityFrameworkCore.Query.Internal.ParameterExtractingExpressionVisitor.Visit(Expression expression)\r\n   at System.Linq.Expressions.ExpressionVisitor.VisitUnary(UnaryExpression node)\r\n   at System.Linq.Expressions.UnaryExpression.Accept(ExpressionVisitor visitor)\r\n   at System.Linq.Expressions.ExpressionVisitor.Visit(Expression node)\r\n   at Microsoft.EntityFrameworkCore.Query.Internal.ParameterExtractingExpressionVisitor.Visit(Expression expression)\r\n   at System.Dynamic.Utils.ExpressionVisitorUtils.VisitArguments(ExpressionVisitor visitor, IArgumentProvider nodes)\r\n   at System.Linq.Expressions.ExpressionVisitor.VisitMethodCall(MethodCallExpression node)\r\n   at System.Linq.Expressions.MethodCallExpression.Accept(ExpressionVisitor visitor)\r\n   at System.Linq.Expressions.ExpressionVisitor.Visit(Expression node)\r\n   at Microsoft.EntityFrameworkCore.Query.Internal.ParameterExtractingExpressionVisitor.Visit(Expression expression)\r\n   at Microsoft.EntityFrameworkCore.Query.Internal.ParameterExtractingExpressionVisitor.ExtractParameters(Expression expression)\r\n   at Microsoft.EntityFrameworkCore.Query.Internal.QueryCompiler.ExtractParameters(Expression query, IParameterValues parameterValues, IDiagnosticsLogger`1 logger, Boolean parameterize, Boolean generateContextAccessors)\r\n   at Microsoft.EntityFrameworkCore.Query.Internal.QueryCompiler.Execute[TResult](Expression query)\r\n   at Microsoft.EntityFrameworkCore.Query.Internal.EntityQueryProvider.Execute[TResult](Expression expression)\r\n   at System.Linq.Queryable.Any[TSource](IQueryable`1 source, Expression`1 predicate)\r\n   at AirportWebApplication.Services.FlightService.IsValidOrigin(AddFlightFormModel model) in C:\\Users\\Viliyan Ivanov\\Documents\\exercises-2021\\Viliyan\\FinalProject\\AirportWebApplication\\AirportWebApplication\\Services\\FlightService.cs:line 27\r\n   at AirportWebApplication.Services.FlightService.AddFlight(AddFlightFormModel model) in C:\\Users\\Viliyan Ivanov\\Documents\\exercises-2021\\Viliyan\\FinalProject\\AirportWebApplication\\AirportWebApplication\\Services\\FlightService.cs:line 53\r\n   at AirportWebApplication.Tests.Services.FlightServiceTests.AddFlightWorks() in C:\\Users\\Viliyan Ivanov\\Documents\\exercises-2021\\Viliyan\\FinalProject\\AirportWebApplication\\AirportWebApplication.Tests\\Services\\FlightServiceTests.cs:line 48\r\n--InvalidOperationException\r\n   at System.Linq.ThrowHelper.ThrowNoElementsException()\r\n   at System.Linq.Enumerable.First[TSource](IEnumerable`1 source)\r\n   at Microsoft.EntityFrameworkCore.InMemory.Query.Internal.InMemoryQueryExpression.ResultEnumerable.GetEnumerator()\r\n   at System.Linq.Enumerable.SelectEnumerableIterator`2.MoveNext()\r\n   at Microsoft.EntityFrameworkCore.InMemory.Query.Internal.InMemoryShapedQueryCompilingExpressionVisitor.QueryingEnumerable`1.Enumerator.MoveNextHelper()\r\n   at Microsoft.EntityFrameworkCore.InMemory.Query.Internal.InMemoryShapedQueryCompilingExpressionVisitor.QueryingEnumerable`1.Enumerator.MoveNext()\r\n   at System.Linq.Enumerable.Single[TSource](IEnumerable`1 source)\r\n   at Microsoft.EntityFrameworkCore.Query.Internal.QueryCompiler.Execute[TResult](Expression query)\r\n   at Microsoft.EntityFrameworkCore.Query.Internal.EntityQueryProvider.Execute[TResult](Expression expression)\r\n   at System.Linq.Queryable.First[TSource](IQueryable`1 source, Expression`1 predicate)\r\n   at AirportWebApplication.Services.FlightService.GetModelOrigin(AddFlightFormModel model) in C:\\Users\\Viliyan Ivanov\\Documents\\exercises-2021\\Viliyan\\FinalProject\\AirportWebApplication\\AirportWebApplication\\Services\\FlightService.cs:line 19\r\n   at lambda_method193(Closure )\r\n   at Microsoft.EntityFrameworkCore.Query.Internal.ParameterExtractingExpressionVisitor.GetValue(Expression expression, String& parameterName)","DisplayName":"AddFlightWorks","Messages":[],"ComputerName":"VDIVANOV-DUAL","Duration":"00:00:00.0397360","StartTime":"2022-07-03T08:39:24.2739825+00:00","EndTime":"2022-07-03T08:39:24.3137175+00:00","Properties":[]}],"TestRunStatistics":{"ExecutedTests":14,"Stats":{"Passed":13,"Failed":1}},"ActiveTests":[]},"RunAttachments":[],"ExecutorUris":["executor://nunit3testexecutor/"]}}
TpTrace Verbose: 0 : 14624, 7, 2022/07/03, 11:39:24.331, 1731566167040, vstest.console.dll, TestRequestSender.EndSession: Sending end session.
TpTrace Verbose: 0 : 14624, 7, 2022/07/03, 11:39:24.332, 1731566168341, vstest.console.dll, ProxyOperationManager.Close: waiting for test host to exit for 100 ms
TpTrace Warning: 0 : 14624, 13, 2022/07/03, 11:39:24.344, 1731566289508, vstest.console.dll, TestHostManagerCallbacks.ErrorReceivedCallback Test host standard error line: 
TpTrace Verbose: 0 : 14624, 8, 2022/07/03, 11:39:24.351, 1731566363794, vstest.console.dll, TestHostProvider.ExitCallBack: Host exited starting callback.
TpTrace Information: 0 : 14624, 8, 2022/07/03, 11:39:24.351, 1731566367835, vstest.console.dll, TestHostManagerCallbacks.ExitCallBack: Testhost processId: 14652 exited with exitcode: 0 error: ''
TpTrace Verbose: 0 : 14624, 8, 2022/07/03, 11:39:24.352, 1731566368325, vstest.console.dll, DotnetTestHostManager.OnHostExited: invoking OnHostExited callback
TpTrace Verbose: 0 : 14624, 8, 2022/07/03, 11:39:24.352, 1731566369044, vstest.console.dll, CrossPlatEngine.TestHostManagerHostExited: calling on client process exit callback.
TpTrace Information: 0 : 14624, 8, 2022/07/03, 11:39:24.352, 1731566369659, vstest.console.dll, TestRequestSender.OnClientProcessExit: Test host process exited. Standard error: 
TpTrace Information: 0 : 14624, 8, 2022/07/03, 11:39:24.352, 1731566370055, vstest.console.dll, SocketServer.Stop: Stop server endPoint: 127.0.0.1:52659
TpTrace Information: 0 : 14624, 8, 2022/07/03, 11:39:24.352, 1731566370347, vstest.console.dll, SocketServer.Stop: Cancellation requested. Stopping message loop.
TpTrace Information: 0 : 14624, 7, 2022/07/03, 11:39:24.352, 1731566370175, vstest.console.dll, SocketServer.Stop: Stop server endPoint: 127.0.0.1:52659
TpTrace Information: 0 : 14624, 7, 2022/07/03, 11:39:24.352, 1731566371376, vstest.console.dll, SocketServer.Stop: Cancellation requested. Stopping message loop.
TpTrace Information: 0 : 14624, 7, 2022/07/03, 11:39:24.352, 1731566371800, vstest.console.dll, Closing the connection
TpTrace Warning: 0 : 14624, 7, 2022/07/03, 11:39:24.352, 1731566372133, vstest.console.dll, ProxyOperationManager: Timed out waiting for test host to exit. Will terminate process.
TpTrace Verbose: 0 : 14624, 7, 2022/07/03, 11:39:24.352, 1731566375519, vstest.console.dll, ProxyDataCollectionManager.InvokeDataCollectionServiceAction: Starting.
TpTrace Information: 0 : 14624, 7, 2022/07/03, 11:39:24.352, 1731566375966, vstest.console.dll, ProxyDataCollectionManager.AfterTestRunEnd: Get attachment set for datacollector processId: 20152 port: 52656
TpTrace Verbose: 0 : 14624, 7, 2022/07/03, 11:39:24.352, 1731566376433, vstest.console.dll, DataCollectionRequestSender.SendAfterTestRunStartAndGetResult : Send AfterTestRunEnd message with isCancelled: False
TpTrace Verbose: 0 : 14624, 7, 2022/07/03, 11:39:24.355, 1731566404117, vstest.console.dll, DataCollectionRequestSender.SendAfterTestRunStartAndGetResult : Received message: (DataCollection.AfterTestRunEndResult) -> {
  "AttachmentSets": [],
  "Metrics": {}
}
TpTrace Information: 0 : 14624, 7, 2022/07/03, 11:39:24.358, 1731566430046, vstest.console.dll, ProxyDataCollectionManager.InvokeDataCollectionServiceAction: Completed.
TpTrace Warning: 0 : 14624, 10, 2022/07/03, 11:39:24.360, 1731566450485, vstest.console.dll, DataCollectionLauncher.ErrorReceivedCallback datacollector standard error line: 
TpTrace Information: 0 : 14624, 8, 2022/07/03, 11:39:24.364, 1731566487869, vstest.console.dll, DataCollectionLauncher.ExitCallBack: Data collector exited with exitcode: 0 error: ''
TpTrace Verbose: 0 : 14624, 7, 2022/07/03, 11:39:24.379, 1731566643066, vstest.console.dll, TestRunRequest:SendTestRunStatsChange: Starting.
TpTrace Information: 0 : 14624, 7, 2022/07/03, 11:39:24.379, 1731566644349, vstest.console.dll, TestRunRequest:SendTestRunStatsChange: Completed.
TpTrace Verbose: 0 : 14624, 7, 2022/07/03, 11:39:24.379, 1731566646108, vstest.console.dll, ParallelProxyExecutionManager: HandlePartialRunComplete: Total completed clients = 1, Run complete = True, Run canceled: False.
TpTrace Verbose: 0 : 14624, 7, 2022/07/03, 11:39:24.394, 1731566795824, vstest.console.dll, TestRunRequest:TestRunComplete: Starting. IsAborted:False IsCanceled:False.
TpTrace Verbose: 0 : 14624, 7, 2022/07/03, 11:39:24.394, 1731566797578, vstest.console.dll, TestLoggerManager.HandleTestRunComplete: Ignoring as the object is disposed.
TpTrace Information: 0 : 14624, 7, 2022/07/03, 11:39:24.395, 1731566800325, vstest.console.dll, TestRunRequest:TestRunComplete: Completed.
TpTrace Verbose: 0 : 14624, 1, 2022/07/03, 11:39:24.395, 1731566801048, vstest.console.dll, TestRunRequest.Dispose: Starting.
TpTrace Verbose: 0 : 14624, 7, 2022/07/03, 11:39:24.395, 1731566801472, vstest.console.dll, TestRequestSender.SetOperationComplete: Setting operation complete.
TpTrace Information: 0 : 14624, 7, 2022/07/03, 11:39:24.395, 1731566802471, vstest.console.dll, SocketServer.Stop: Stop server endPoint: 127.0.0.1:52659
TpTrace Information: 0 : 14624, 7, 2022/07/03, 11:39:24.395, 1731566802816, vstest.console.dll, SocketServer.Stop: Cancellation requested. Stopping message loop.
TpTrace Information: 0 : 14624, 7, 2022/07/03, 11:39:24.395, 1731566803234, vstest.console.dll, SocketServer.PrivateStop: Stopping server endPoint: 127.0.0.1:52659 error: 
TpTrace Information: 0 : 14624, 1, 2022/07/03, 11:39:24.395, 1731566802012, vstest.console.dll, TestRunRequest.Dispose: Completed.
TpTrace Information: 0 : 14624, 1, 2022/07/03, 11:39:24.395, 1731566804420, vstest.console.dll, TestRequestManager.RunTests: run tests completed.
TpTrace Information: 0 : 14624, 1, 2022/07/03, 11:39:24.395, 1731566805150, vstest.console.dll, RunTestsArgumentProcessor:Execute: Test run is completed.
TpTrace Verbose: 0 : 14624, 1, 2022/07/03, 11:39:24.395, 1731566806724, vstest.console.dll, Executor.Execute: Exiting with exit code of 1
TpTrace Verbose: 0 : 14624, 7, 2022/07/03, 11:39:24.395, 1731566806881, vstest.console.dll, LengthPrefixCommunicationChannel.Dispose: Dispose reader and writer.
TpTrace Information: 0 : 14624, 7, 2022/07/03, 11:39:24.396, 1731566808556, vstest.console.dll, SocketServer.Stop: Raise disconnected event endPoint: 127.0.0.1:52659 error: 
TpTrace Verbose: 0 : 14624, 7, 2022/07/03, 11:39:24.396, 1731566809111, vstest.console.dll, TestRequestSender: OnTestRunAbort: Operation is already complete. Skip error message.
TpTrace Verbose: 0 : 14624, 7, 2022/07/03, 11:39:24.396, 1731566809442, vstest.console.dll, TcpClientExtensions.MessageLoopAsync: exiting MessageLoopAsync remoteEndPoint: 127.0.0.1:52660 localEndPoint: 127.0.0.1:52659
